<?xml version="1.0" encoding="UTF-8" ?>
<testsuites name="vitest tests" tests="199" failures="8" errors="0" time="2.715967544">
    <testsuite name="src/test/smartQuestion.test.ts" timestamp="2025-06-25T17:08:34.543Z" hostname="yunmudeMacBook-Pro.local" tests="10" failures="1" errors="0" skipped="0" time="0.013221292">
        <testcase classname="src/test/smartQuestion.test.ts" name="Smart Question Generation &gt; should generate fallback question for many active todos" time="0.001166958">
        </testcase>
        <testcase classname="src/test/smartQuestion.test.ts" name="Smart Question Generation &gt; should generate fallback question for many high priority todos" time="0.000159">
        </testcase>
        <testcase classname="src/test/smartQuestion.test.ts" name="Smart Question Generation &gt; should generate fallback question for many completed todos" time="0.000136916">
        </testcase>
        <testcase classname="src/test/smartQuestion.test.ts" name="Smart Question Generation &gt; should generate fallback question for many unanalyzed todos" time="0.000118958">
        </testcase>
        <testcase classname="src/test/smartQuestion.test.ts" name="Smart Question Generation &gt; should generate default question when no conditions match" time="0.000087833">
        </testcase>
        <testcase classname="src/test/smartQuestion.test.ts" name="Todo System Prompt Generation &gt; should generate system prompt with task overview" time="0.000312833">
        </testcase>
        <testcase classname="src/test/smartQuestion.test.ts" name="Todo System Prompt Generation &gt; should include detailed task information" time="0.009691542">
            <failure message="expected &apos;你是专业的任务管理助手。用户当前有 1 个待完成任务和 1 个已完成任务。…&apos; to contain &apos;[标签:工作,重要]&apos;" type="AssertionError">
AssertionError: expected &apos;你是专业的任务管理助手。用户当前有 1 个待完成任务和 1 个已完成任务。…&apos; to contain &apos;[标签:工作,重要]&apos;

- Expected
+ Received

- [标签:工作,重要]
+ 你是专业的任务管理助手。用户当前有 1 个待完成任务和 1 个已完成任务。请基于以下具体任务信息提供个性化建议。
+
+ ## 待完成任务 (1个)
+ 1. 完成项目报告 [优先级:4星] [时间:2小时]
+
+ ## 最近完成任务 (最新5个)
+ 1. 买菜做饭 [优先级:2星] [用时:当天] [预估:30分钟]
+
+ 请基于以上具体任务信息回答用户问题，提供针对性的任务管理建议。可以直接引用任务内容、优先级和时间信息。

 ❯ src/test/smartQuestion.test.ts:166:26
            </failure>
        </testcase>
        <testcase classname="src/test/smartQuestion.test.ts" name="Todo System Prompt Generation &gt; should include completed tasks information" time="0.000238">
        </testcase>
        <testcase classname="src/test/smartQuestion.test.ts" name="Todo System Prompt Generation &gt; should handle empty todo list" time="0.000198208">
        </testcase>
        <testcase classname="src/test/smartQuestion.test.ts" name="Todo System Prompt Generation &gt; should include AI assistant responsibilities" time="0.000149">
        </testcase>
    </testsuite>
    <testsuite name="src/components/__tests__/TodoList.test.ts" timestamp="2025-06-25T17:08:34.546Z" hostname="yunmudeMacBook-Pro.local" tests="3" failures="0" errors="0" skipped="0" time="0.074186042">
        <testcase classname="src/components/__tests__/TodoList.test.ts" name="TodoList &gt; 应该正确渲染组件" time="0.045888042">
        </testcase>
        <testcase classname="src/components/__tests__/TodoList.test.ts" name="TodoList &gt; 应该显示正确的标题" time="0.014962">
        </testcase>
        <testcase classname="src/components/__tests__/TodoList.test.ts" name="TodoList &gt; 应该包含必要的组件" time="0.012508458">
        </testcase>
    </testsuite>
    <testsuite name="src/components/__tests__/TodoSearch.test.ts" timestamp="2025-06-25T17:08:34.546Z" hostname="yunmudeMacBook-Pro.local" tests="9" failures="0" errors="0" skipped="0" time="0.045687917">
        <testcase classname="src/components/__tests__/TodoSearch.test.ts" name="TodoSearch &gt; renders search input with correct placeholder when expanded" time="0.019632917">
        </testcase>
        <testcase classname="src/components/__tests__/TodoSearch.test.ts" name="TodoSearch &gt; emits update:modelValue when input changes" time="0.005711333">
        </testcase>
        <testcase classname="src/components/__tests__/TodoSearch.test.ts" name="TodoSearch &gt; shows clear button when there is search text" time="0.004549583">
        </testcase>
        <testcase classname="src/components/__tests__/TodoSearch.test.ts" name="TodoSearch &gt; hides clear button when search is empty" time="0.00160075">
        </testcase>
        <testcase classname="src/components/__tests__/TodoSearch.test.ts" name="TodoSearch &gt; clears search when clear button is clicked" time="0.004003708">
        </testcase>
        <testcase classname="src/components/__tests__/TodoSearch.test.ts" name="TodoSearch &gt; emits collapse when escape key is pressed with empty search" time="0.00203">
        </testcase>
        <testcase classname="src/components/__tests__/TodoSearch.test.ts" name="TodoSearch &gt; clears search when escape key is pressed with search text" time="0.003175208">
        </testcase>
        <testcase classname="src/components/__tests__/TodoSearch.test.ts" name="TodoSearch &gt; exposes focus and clear methods" time="0.001616333">
        </testcase>
        <testcase classname="src/components/__tests__/TodoSearch.test.ts" name="TodoSearch &gt; does not render when collapsed" time="0.002392625">
        </testcase>
    </testsuite>
    <testsuite name="src/composables/__tests__/useAIAnalysis.test.ts" timestamp="2025-06-25T17:08:34.547Z" hostname="yunmudeMacBook-Pro.local" tests="5" failures="0" errors="0" skipped="0" time="0.00459025">
        <testcase classname="src/composables/__tests__/useAIAnalysis.test.ts" name="useAIAnalysis &gt; 配置管理 &gt; 应该初始化默认配置" time="0.002423">
        </testcase>
        <testcase classname="src/composables/__tests__/useAIAnalysis.test.ts" name="useAIAnalysis &gt; 配置管理 &gt; 应该提供分析功能开关" time="0.000416667">
        </testcase>
        <testcase classname="src/composables/__tests__/useAIAnalysis.test.ts" name="useAIAnalysis &gt; 状态管理 &gt; 应该正确管理分析状态" time="0.000269416">
        </testcase>
        <testcase classname="src/composables/__tests__/useAIAnalysis.test.ts" name="useAIAnalysis &gt; 工具函数 &gt; 应该提供优先级星级显示" time="0.000371792">
        </testcase>
        <testcase classname="src/composables/__tests__/useAIAnalysis.test.ts" name="useAIAnalysis &gt; 工具函数 &gt; 应该提供优先级颜色类" time="0.000306458">
        </testcase>
    </testsuite>
    <testsuite name="src/composables/__tests__/useChat.test.ts" timestamp="2025-06-25T17:08:34.548Z" hostname="yunmudeMacBook-Pro.local" tests="15" failures="0" errors="0" skipped="0" time="0.015249625">
        <testcase classname="src/composables/__tests__/useChat.test.ts" name="useChat &gt; 初始状态 &gt; 应该初始化默认状态" time="0.00269375">
        </testcase>
        <testcase classname="src/composables/__tests__/useChat.test.ts" name="useChat &gt; 对话历史管理 &gt; 应该加载对话历史" time="0.00129625">
        </testcase>
        <testcase classname="src/composables/__tests__/useChat.test.ts" name="useChat &gt; 对话历史管理 &gt; 应该处理无效的对话历史数据" time="0.000409875">
        </testcase>
        <testcase classname="src/composables/__tests__/useChat.test.ts" name="useChat &gt; 对话历史管理 &gt; 应该创建新对话" time="0.001540792">
        </testcase>
        <testcase classname="src/composables/__tests__/useChat.test.ts" name="useChat &gt; 对话历史管理 &gt; 应该切换对话" time="0.000600417">
        </testcase>
        <testcase classname="src/composables/__tests__/useChat.test.ts" name="useChat &gt; 对话历史管理 &gt; 应该删除对话" time="0.000419958">
        </testcase>
        <testcase classname="src/composables/__tests__/useChat.test.ts" name="useChat &gt; 对话历史管理 &gt; 应该清除所有对话" time="0.000487875">
        </testcase>
        <testcase classname="src/composables/__tests__/useChat.test.ts" name="useChat &gt; 消息发送 &gt; 应该发送消息并接收 AI 响应" time="0.003485083">
        </testcase>
        <testcase classname="src/composables/__tests__/useChat.test.ts" name="useChat &gt; 消息发送 &gt; 应该处理发送消息失败" time="0.000984875">
        </testcase>
        <testcase classname="src/composables/__tests__/useChat.test.ts" name="useChat &gt; 消息发送 &gt; 应该停止生成" time="0.000533167">
        </testcase>
        <testcase classname="src/composables/__tests__/useChat.test.ts" name="useChat &gt; 文本优化 &gt; 应该优化消息文本" time="0.0004435">
        </testcase>
        <testcase classname="src/composables/__tests__/useChat.test.ts" name="useChat &gt; 文本优化 &gt; 应该处理优化失败" time="0.000265333">
        </testcase>
        <testcase classname="src/composables/__tests__/useChat.test.ts" name="useChat &gt; 错误处理 &gt; 应该正确处理和显示错误" time="0.000248292">
        </testcase>
        <testcase classname="src/composables/__tests__/useChat.test.ts" name="useChat &gt; 数据持久化 &gt; 应该保存对话历史" time="0.000545917">
        </testcase>
        <testcase classname="src/composables/__tests__/useChat.test.ts" name="useChat &gt; 数据持久化 &gt; 应该保存当前对话 ID" time="0.000260959">
        </testcase>
    </testsuite>
    <testsuite name="src/composables/__tests__/useTheme.test.ts" timestamp="2025-06-25T17:08:34.549Z" hostname="yunmudeMacBook-Pro.local" tests="10" failures="0" errors="0" skipped="0" time="0.081197041">
        <testcase classname="src/composables/__tests__/useTheme.test.ts" name="useTheme &gt; 初始化 &gt; 应该默认使用 auto 主题" time="0.01003425">
        </testcase>
        <testcase classname="src/composables/__tests__/useTheme.test.ts" name="useTheme &gt; 初始化 &gt; 应该从 localStorage 加载保存的主题" time="0.000829959">
        </testcase>
        <testcase classname="src/composables/__tests__/useTheme.test.ts" name="useTheme &gt; 初始化 &gt; 应该处理无效的主题值" time="0.000540375">
        </testcase>
        <testcase classname="src/composables/__tests__/useTheme.test.ts" name="useTheme &gt; 主题切换 &gt; 应该正确切换主题：auto -&gt; light -&gt; dark -&gt; auto" time="0.00088925">
        </testcase>
        <testcase classname="src/composables/__tests__/useTheme.test.ts" name="useTheme &gt; 主题切换 &gt; 应该保存主题到 localStorage" time="0.005142666">
        </testcase>
        <testcase classname="src/composables/__tests__/useTheme.test.ts" name="useTheme &gt; 主题应用 &gt; 应该在 light 主题时设置正确的 data-theme 属性" time="0.002107459">
        </testcase>
        <testcase classname="src/composables/__tests__/useTheme.test.ts" name="useTheme &gt; 主题应用 &gt; 应该在 dark 主题时设置正确的 data-theme 属性" time="0.001958166">
        </testcase>
        <testcase classname="src/composables/__tests__/useTheme.test.ts" name="useTheme &gt; 主题应用 &gt; 应该在 auto 主题时根据系统偏好设置 data-theme" time="0.001790125">
        </testcase>
        <testcase classname="src/composables/__tests__/useTheme.test.ts" name="useTheme &gt; 响应式更新 &gt; 应该在主题变化时自动应用" time="0.001835208">
        </testcase>
        <testcase classname="src/composables/__tests__/useTheme.test.ts" name="useTheme &gt; 系统主题监听 &gt; 应该监听系统主题变化" time="0.055027625">
        </testcase>
    </testsuite>
    <testsuite name="src/composables/__tests__/useTodoManagement.simple.test.ts" timestamp="2025-06-25T17:08:34.550Z" hostname="yunmudeMacBook-Pro.local" tests="4" failures="0" errors="0" skipped="0" time="0.005255833">
        <testcase classname="src/composables/__tests__/useTodoManagement.simple.test.ts" name="useTodoManagement - 简化测试 &gt; 应该初始化基本状态" time="0.003120625">
        </testcase>
        <testcase classname="src/composables/__tests__/useTodoManagement.simple.test.ts" name="useTodoManagement - 简化测试 &gt; 应该提供必要的方法" time="0.000358083">
        </testcase>
        <testcase classname="src/composables/__tests__/useTodoManagement.simple.test.ts" name="useTodoManagement - 简化测试 &gt; 应该正确处理筛选" time="0.000406291">
        </testcase>
        <testcase classname="src/composables/__tests__/useTodoManagement.simple.test.ts" name="useTodoManagement - 简化测试 &gt; 应该正确处理搜索" time="0.00028775">
        </testcase>
    </testsuite>
    <testsuite name="src/composables/__tests__/useTodoManagement.test.ts" timestamp="2025-06-25T17:08:34.551Z" hostname="yunmudeMacBook-Pro.local" tests="11" failures="1" errors="0" skipped="0" time="0.019872667">
        <testcase classname="src/composables/__tests__/useTodoManagement.test.ts" name="useTodoManagement &gt; 基础功能 &gt; 应该初始化默认状态" time="0.003743875">
        </testcase>
        <testcase classname="src/composables/__tests__/useTodoManagement.test.ts" name="useTodoManagement &gt; 基础功能 &gt; 应该正确处理添加待办事项" time="0.001993417">
        </testcase>
        <testcase classname="src/composables/__tests__/useTodoManagement.test.ts" name="useTodoManagement &gt; 基础功能 &gt; 应该正确处理切换待办事项状态" time="0.000553625">
        </testcase>
        <testcase classname="src/composables/__tests__/useTodoManagement.test.ts" name="useTodoManagement &gt; 基础功能 &gt; 应该正确处理删除待办事项" time="0.000638625">
        </testcase>
        <testcase classname="src/composables/__tests__/useTodoManagement.test.ts" name="useTodoManagement &gt; AI 功能 &gt; 应该生成建议的待办事项" time="0.00101">
        </testcase>
        <testcase classname="src/composables/__tests__/useTodoManagement.test.ts" name="useTodoManagement &gt; AI 功能 &gt; 应该处理逗号分隔的建议格式" time="0.000467208">
        </testcase>
        <testcase classname="src/composables/__tests__/useTodoManagement.test.ts" name="useTodoManagement &gt; AI 功能 &gt; 应该处理 AI 生成失败" time="0.003563958">
        </testcase>
        <testcase classname="src/composables/__tests__/useTodoManagement.test.ts" name="useTodoManagement &gt; AI 功能 &gt; 应该排序活跃的待办事项" time="0.002722542">
        </testcase>
        <testcase classname="src/composables/__tests__/useTodoManagement.test.ts" name="useTodoManagement &gt; 建议待办事项管理 &gt; 应该确认建议的待办事项" time="0.002954709">
            <failure message="expected true to be false // Object.is equality" type="AssertionError">
AssertionError: expected true to be false // Object.is equality

- Expected
+ Received

- false
+ true

 ❯ src/composables/__tests__/useTodoManagement.test.ts:240:40
            </failure>
        </testcase>
        <testcase classname="src/composables/__tests__/useTodoManagement.test.ts" name="useTodoManagement &gt; 建议待办事项管理 &gt; 应该取消建议的待办事项" time="0.000597208">
        </testcase>
        <testcase classname="src/composables/__tests__/useTodoManagement.test.ts" name="useTodoManagement &gt; 建议待办事项管理 &gt; 应该更新建议的待办事项" time="0.000668209">
        </testcase>
    </testsuite>
    <testsuite name="src/composables/__tests__/useTodos.test.ts" timestamp="2025-06-25T17:08:34.552Z" hostname="yunmudeMacBook-Pro.local" tests="6" failures="6" errors="0" skipped="0" time="0.020190375">
        <testcase classname="src/composables/__tests__/useTodos.test.ts" name="useTodos &gt; should add a todo" time="0.013753208">
            <system-err>
[Vue warn]: onMounted is called when there is no active component instance to be associated with. Lifecycle injection APIs can only be used during execution of setup(). If you are using async setup(), make sure to register lifecycle hooks before the first await statement.
[Vue warn]: onUnmounted is called when there is no active component instance to be associated with. Lifecycle injection APIs can only be used during execution of setup(). If you are using async setup(), make sure to register lifecycle hooks before the first await statement.

[Vue warn]: onMounted is called when there is no active component instance to be associated with. Lifecycle injection APIs can only be used during execution of setup(). If you are using async setup(), make sure to register lifecycle hooks before the first await statement.
[Vue warn]: onUnmounted is called when there is no active component instance to be associated with. Lifecycle injection APIs can only be used during execution of setup(). If you are using async setup(), make sure to register lifecycle hooks before the first await statement.
[2025-06-25T17:08:30.119Z] [useTodos] Error adding todo Error: Storage service not initialized
    at getCurrentStorageService [90m(/Users/yunmu/Desktop/Yun-AI-TodoList/apps/frontend/[39msrc/composables/useStorageMode.ts:92:13[90m)[39m
    at addTodo [90m(/Users/yunmu/Desktop/Yun-AI-TodoList/apps/frontend/[39msrc/composables/useTodos.ts:133:30[90m)[39m
    at [90m/Users/yunmu/Desktop/Yun-AI-TodoList/apps/frontend/[39msrc/composables/__tests__/useTodos.test.ts:15:11
    at file:///Users/yunmu/Desktop/Yun-AI-TodoList/node_modules/[4m.pnpm[24m/@vitest+runner@3.2.3/node_modules/[4m@vitest[24m/runner/dist/chunk-hooks.js:155:11
    at file:///Users/yunmu/Desktop/Yun-AI-TodoList/node_modules/[4m.pnpm[24m/@vitest+runner@3.2.3/node_modules/[4m@vitest[24m/runner/dist/chunk-hooks.js:752:26
    at file:///Users/yunmu/Desktop/Yun-AI-TodoList/node_modules/[4m.pnpm[24m/@vitest+runner@3.2.3/node_modules/[4m@vitest[24m/runner/dist/chunk-hooks.js:1894:20
    at new Promise (&lt;anonymous&gt;)
    at runWithTimeout (file:///Users/yunmu/Desktop/Yun-AI-TodoList/node_modules/[4m.pnpm[24m/@vitest+runner@3.2.3/node_modules/[4m@vitest[24m/runner/dist/chunk-hooks.js:1860:10)
    at runTest (file:///Users/yunmu/Desktop/Yun-AI-TodoList/node_modules/[4m.pnpm[24m/@vitest+runner@3.2.3/node_modules/[4m@vitest[24m/runner/dist/chunk-hooks.js:1571:12)
[90m    at processTicksAndRejections (node:internal/process/task_queues:105:5)[39m

            </system-err>
            <failure message="expected +0 to be 1 // Object.is equality" type="AssertionError">
AssertionError: expected +0 to be 1 // Object.is equality

- Expected
+ Received

- 1
+ 0

 ❯ src/composables/__tests__/useTodos.test.ts:16:32
            </failure>
        </testcase>
        <testcase classname="src/composables/__tests__/useTodos.test.ts" name="useTodos &gt; should toggle a todo" time="0.00116975">
            <system-err>
[Vue warn]: onMounted is called when there is no active component instance to be associated with. Lifecycle injection APIs can only be used during execution of setup(). If you are using async setup(), make sure to register lifecycle hooks before the first await statement.
[Vue warn]: onUnmounted is called when there is no active component instance to be associated with. Lifecycle injection APIs can only be used during execution of setup(). If you are using async setup(), make sure to register lifecycle hooks before the first await statement.

[Vue warn]: onMounted is called when there is no active component instance to be associated with. Lifecycle injection APIs can only be used during execution of setup(). If you are using async setup(), make sure to register lifecycle hooks before the first await statement.
[Vue warn]: onUnmounted is called when there is no active component instance to be associated with. Lifecycle injection APIs can only be used during execution of setup(). If you are using async setup(), make sure to register lifecycle hooks before the first await statement.
[2025-06-25T17:08:30.130Z] [useTodos] Error adding todo Error: Storage service not initialized
    at getCurrentStorageService [90m(/Users/yunmu/Desktop/Yun-AI-TodoList/apps/frontend/[39msrc/composables/useStorageMode.ts:92:13[90m)[39m
    at addTodo [90m(/Users/yunmu/Desktop/Yun-AI-TodoList/apps/frontend/[39msrc/composables/useTodos.ts:133:30[90m)[39m
    at [90m/Users/yunmu/Desktop/Yun-AI-TodoList/apps/frontend/[39msrc/composables/__tests__/useTodos.test.ts:22:11
    at file:///Users/yunmu/Desktop/Yun-AI-TodoList/node_modules/[4m.pnpm[24m/@vitest+runner@3.2.3/node_modules/[4m@vitest[24m/runner/dist/chunk-hooks.js:155:11
    at file:///Users/yunmu/Desktop/Yun-AI-TodoList/node_modules/[4m.pnpm[24m/@vitest+runner@3.2.3/node_modules/[4m@vitest[24m/runner/dist/chunk-hooks.js:752:26
    at file:///Users/yunmu/Desktop/Yun-AI-TodoList/node_modules/[4m.pnpm[24m/@vitest+runner@3.2.3/node_modules/[4m@vitest[24m/runner/dist/chunk-hooks.js:1894:20
    at new Promise (&lt;anonymous&gt;)
    at runWithTimeout (file:///Users/yunmu/Desktop/Yun-AI-TodoList/node_modules/[4m.pnpm[24m/@vitest+runner@3.2.3/node_modules/[4m@vitest[24m/runner/dist/chunk-hooks.js:1860:10)
    at runTest (file:///Users/yunmu/Desktop/Yun-AI-TodoList/node_modules/[4m.pnpm[24m/@vitest+runner@3.2.3/node_modules/[4m@vitest[24m/runner/dist/chunk-hooks.js:1571:12)
[90m    at processTicksAndRejections (node:internal/process/task_queues:105:5)[39m

            </system-err>
            <failure message="Cannot read properties of undefined (reading &apos;completed&apos;)" type="TypeError">
TypeError: Cannot read properties of undefined (reading &apos;completed&apos;)
 ❯ src/composables/__tests__/useTodos.test.ts:23:27
            </failure>
        </testcase>
        <testcase classname="src/composables/__tests__/useTodos.test.ts" name="useTodos &gt; should remove a todo" time="0.000703042">
            <system-err>
[Vue warn]: onMounted is called when there is no active component instance to be associated with. Lifecycle injection APIs can only be used during execution of setup(). If you are using async setup(), make sure to register lifecycle hooks before the first await statement.
[Vue warn]: onUnmounted is called when there is no active component instance to be associated with. Lifecycle injection APIs can only be used during execution of setup(). If you are using async setup(), make sure to register lifecycle hooks before the first await statement.

[Vue warn]: onMounted is called when there is no active component instance to be associated with. Lifecycle injection APIs can only be used during execution of setup(). If you are using async setup(), make sure to register lifecycle hooks before the first await statement.
[Vue warn]: onUnmounted is called when there is no active component instance to be associated with. Lifecycle injection APIs can only be used during execution of setup(). If you are using async setup(), make sure to register lifecycle hooks before the first await statement.
[2025-06-25T17:08:30.131Z] [useTodos] Error adding todo Error: Storage service not initialized
    at getCurrentStorageService [90m(/Users/yunmu/Desktop/Yun-AI-TodoList/apps/frontend/[39msrc/composables/useStorageMode.ts:92:13[90m)[39m
    at addTodo [90m(/Users/yunmu/Desktop/Yun-AI-TodoList/apps/frontend/[39msrc/composables/useTodos.ts:133:30[90m)[39m
    at [90m/Users/yunmu/Desktop/Yun-AI-TodoList/apps/frontend/[39msrc/composables/__tests__/useTodos.test.ts:30:11
    at file:///Users/yunmu/Desktop/Yun-AI-TodoList/node_modules/[4m.pnpm[24m/@vitest+runner@3.2.3/node_modules/[4m@vitest[24m/runner/dist/chunk-hooks.js:155:11
    at file:///Users/yunmu/Desktop/Yun-AI-TodoList/node_modules/[4m.pnpm[24m/@vitest+runner@3.2.3/node_modules/[4m@vitest[24m/runner/dist/chunk-hooks.js:752:26
    at file:///Users/yunmu/Desktop/Yun-AI-TodoList/node_modules/[4m.pnpm[24m/@vitest+runner@3.2.3/node_modules/[4m@vitest[24m/runner/dist/chunk-hooks.js:1894:20
    at new Promise (&lt;anonymous&gt;)
    at runWithTimeout (file:///Users/yunmu/Desktop/Yun-AI-TodoList/node_modules/[4m.pnpm[24m/@vitest+runner@3.2.3/node_modules/[4m@vitest[24m/runner/dist/chunk-hooks.js:1860:10)
    at runTest (file:///Users/yunmu/Desktop/Yun-AI-TodoList/node_modules/[4m.pnpm[24m/@vitest+runner@3.2.3/node_modules/[4m@vitest[24m/runner/dist/chunk-hooks.js:1571:12)
[90m    at processTicksAndRejections (node:internal/process/task_queues:105:5)[39m

            </system-err>
            <failure message="expected +0 to be 1 // Object.is equality" type="AssertionError">
AssertionError: expected +0 to be 1 // Object.is equality

- Expected
+ Received

- 1
+ 0

 ❯ src/composables/__tests__/useTodos.test.ts:31:32
            </failure>
        </testcase>
        <testcase classname="src/composables/__tests__/useTodos.test.ts" name="useTodos &gt; should not add duplicate todos" time="0.000934417">
            <system-err>
[Vue warn]: onMounted is called when there is no active component instance to be associated with. Lifecycle injection APIs can only be used during execution of setup(). If you are using async setup(), make sure to register lifecycle hooks before the first await statement.
[Vue warn]: onUnmounted is called when there is no active component instance to be associated with. Lifecycle injection APIs can only be used during execution of setup(). If you are using async setup(), make sure to register lifecycle hooks before the first await statement.

[Vue warn]: onMounted is called when there is no active component instance to be associated with. Lifecycle injection APIs can only be used during execution of setup(). If you are using async setup(), make sure to register lifecycle hooks before the first await statement.
[Vue warn]: onUnmounted is called when there is no active component instance to be associated with. Lifecycle injection APIs can only be used during execution of setup(). If you are using async setup(), make sure to register lifecycle hooks before the first await statement.
[2025-06-25T17:08:30.132Z] [useTodos] Error adding todo Error: Storage service not initialized
    at getCurrentStorageService [90m(/Users/yunmu/Desktop/Yun-AI-TodoList/apps/frontend/[39msrc/composables/useStorageMode.ts:92:13[90m)[39m
    at addTodo [90m(/Users/yunmu/Desktop/Yun-AI-TodoList/apps/frontend/[39msrc/composables/useTodos.ts:133:30[90m)[39m
    at [90m/Users/yunmu/Desktop/Yun-AI-TodoList/apps/frontend/[39msrc/composables/__tests__/useTodos.test.ts:38:11
    at file:///Users/yunmu/Desktop/Yun-AI-TodoList/node_modules/[4m.pnpm[24m/@vitest+runner@3.2.3/node_modules/[4m@vitest[24m/runner/dist/chunk-hooks.js:155:11
    at file:///Users/yunmu/Desktop/Yun-AI-TodoList/node_modules/[4m.pnpm[24m/@vitest+runner@3.2.3/node_modules/[4m@vitest[24m/runner/dist/chunk-hooks.js:752:26
    at file:///Users/yunmu/Desktop/Yun-AI-TodoList/node_modules/[4m.pnpm[24m/@vitest+runner@3.2.3/node_modules/[4m@vitest[24m/runner/dist/chunk-hooks.js:1894:20
    at new Promise (&lt;anonymous&gt;)
    at runWithTimeout (file:///Users/yunmu/Desktop/Yun-AI-TodoList/node_modules/[4m.pnpm[24m/@vitest+runner@3.2.3/node_modules/[4m@vitest[24m/runner/dist/chunk-hooks.js:1860:10)
    at runTest (file:///Users/yunmu/Desktop/Yun-AI-TodoList/node_modules/[4m.pnpm[24m/@vitest+runner@3.2.3/node_modules/[4m@vitest[24m/runner/dist/chunk-hooks.js:1571:12)
[90m    at processTicksAndRejections (node:internal/process/task_queues:105:5)[39m

            </system-err>
            <failure message="expected +0 to be 1 // Object.is equality" type="AssertionError">
AssertionError: expected +0 to be 1 // Object.is equality

- Expected
+ Received

- 1
+ 0

 ❯ src/composables/__tests__/useTodos.test.ts:39:32
            </failure>
        </testcase>
        <testcase classname="src/composables/__tests__/useTodos.test.ts" name="useTodos &gt; should add multiple todos" time="0.001656209">
            <system-err>
[Vue warn]: onMounted is called when there is no active component instance to be associated with. Lifecycle injection APIs can only be used during execution of setup(). If you are using async setup(), make sure to register lifecycle hooks before the first await statement.
[Vue warn]: onUnmounted is called when there is no active component instance to be associated with. Lifecycle injection APIs can only be used during execution of setup(). If you are using async setup(), make sure to register lifecycle hooks before the first await statement.

[Vue warn]: onMounted is called when there is no active component instance to be associated with. Lifecycle injection APIs can only be used during execution of setup(). If you are using async setup(), make sure to register lifecycle hooks before the first await statement.
[Vue warn]: onUnmounted is called when there is no active component instance to be associated with. Lifecycle injection APIs can only be used during execution of setup(). If you are using async setup(), make sure to register lifecycle hooks before the first await statement.
[2025-06-25T17:08:30.134Z] [useTodos] Error adding batch todos Error: Storage service not initialized
    at getCurrentStorageService [90m(/Users/yunmu/Desktop/Yun-AI-TodoList/apps/frontend/[39msrc/composables/useStorageMode.ts:92:13[90m)[39m
    at addMultipleTodos [90m(/Users/yunmu/Desktop/Yun-AI-TodoList/apps/frontend/[39msrc/composables/useTodos.ts:194:30[90m)[39m
    at [90m/Users/yunmu/Desktop/Yun-AI-TodoList/apps/frontend/[39msrc/composables/__tests__/useTodos.test.ts:48:30
    at file:///Users/yunmu/Desktop/Yun-AI-TodoList/node_modules/[4m.pnpm[24m/@vitest+runner@3.2.3/node_modules/[4m@vitest[24m/runner/dist/chunk-hooks.js:155:11
    at file:///Users/yunmu/Desktop/Yun-AI-TodoList/node_modules/[4m.pnpm[24m/@vitest+runner@3.2.3/node_modules/[4m@vitest[24m/runner/dist/chunk-hooks.js:752:26
    at file:///Users/yunmu/Desktop/Yun-AI-TodoList/node_modules/[4m.pnpm[24m/@vitest+runner@3.2.3/node_modules/[4m@vitest[24m/runner/dist/chunk-hooks.js:1894:20
    at new Promise (&lt;anonymous&gt;)
    at runWithTimeout (file:///Users/yunmu/Desktop/Yun-AI-TodoList/node_modules/[4m.pnpm[24m/@vitest+runner@3.2.3/node_modules/[4m@vitest[24m/runner/dist/chunk-hooks.js:1860:10)
    at runTest (file:///Users/yunmu/Desktop/Yun-AI-TodoList/node_modules/[4m.pnpm[24m/@vitest+runner@3.2.3/node_modules/[4m@vitest[24m/runner/dist/chunk-hooks.js:1571:12)
[90m    at processTicksAndRejections (node:internal/process/task_queues:105:5)[39m

            </system-err>
            <failure message="expected +0 to be 3 // Object.is equality" type="AssertionError">
AssertionError: expected +0 to be 3 // Object.is equality

- Expected
+ Received

- 3
+ 0

 ❯ src/composables/__tests__/useTodos.test.ts:49:32
            </failure>
        </testcase>
        <testcase classname="src/composables/__tests__/useTodos.test.ts" name="useTodos &gt; should update todos order" time="0.0011255">
            <system-err>
[Vue warn]: onMounted is called when there is no active component instance to be associated with. Lifecycle injection APIs can only be used during execution of setup(). If you are using async setup(), make sure to register lifecycle hooks before the first await statement.
[Vue warn]: onUnmounted is called when there is no active component instance to be associated with. Lifecycle injection APIs can only be used during execution of setup(). If you are using async setup(), make sure to register lifecycle hooks before the first await statement.

[Vue warn]: onMounted is called when there is no active component instance to be associated with. Lifecycle injection APIs can only be used during execution of setup(). If you are using async setup(), make sure to register lifecycle hooks before the first await statement.
[Vue warn]: onUnmounted is called when there is no active component instance to be associated with. Lifecycle injection APIs can only be used during execution of setup(). If you are using async setup(), make sure to register lifecycle hooks before the first await statement.
[2025-06-25T17:08:30.135Z] [useTodos] Error adding todo Error: Storage service not initialized
    at getCurrentStorageService [90m(/Users/yunmu/Desktop/Yun-AI-TodoList/apps/frontend/[39msrc/composables/useStorageMode.ts:92:13[90m)[39m
    at addTodo [90m(/Users/yunmu/Desktop/Yun-AI-TodoList/apps/frontend/[39msrc/composables/useTodos.ts:133:30[90m)[39m
    at [90m/Users/yunmu/Desktop/Yun-AI-TodoList/apps/frontend/[39msrc/composables/__tests__/useTodos.test.ts:55:11
    at file:///Users/yunmu/Desktop/Yun-AI-TodoList/node_modules/[4m.pnpm[24m/@vitest+runner@3.2.3/node_modules/[4m@vitest[24m/runner/dist/chunk-hooks.js:155:11
    at file:///Users/yunmu/Desktop/Yun-AI-TodoList/node_modules/[4m.pnpm[24m/@vitest+runner@3.2.3/node_modules/[4m@vitest[24m/runner/dist/chunk-hooks.js:752:26
    at file:///Users/yunmu/Desktop/Yun-AI-TodoList/node_modules/[4m.pnpm[24m/@vitest+runner@3.2.3/node_modules/[4m@vitest[24m/runner/dist/chunk-hooks.js:1894:20
    at new Promise (&lt;anonymous&gt;)
    at runWithTimeout (file:///Users/yunmu/Desktop/Yun-AI-TodoList/node_modules/[4m.pnpm[24m/@vitest+runner@3.2.3/node_modules/[4m@vitest[24m/runner/dist/chunk-hooks.js:1860:10)
    at runTest (file:///Users/yunmu/Desktop/Yun-AI-TodoList/node_modules/[4m.pnpm[24m/@vitest+runner@3.2.3/node_modules/[4m@vitest[24m/runner/dist/chunk-hooks.js:1571:12)
[90m    at processTicksAndRejections (node:internal/process/task_queues:105:5)[39m

[2025-06-25T17:08:30.135Z] [useTodos] Error adding todo Error: Storage service not initialized
    at getCurrentStorageService [90m(/Users/yunmu/Desktop/Yun-AI-TodoList/apps/frontend/[39msrc/composables/useStorageMode.ts:92:13[90m)[39m
    at addTodo [90m(/Users/yunmu/Desktop/Yun-AI-TodoList/apps/frontend/[39msrc/composables/useTodos.ts:133:30[90m)[39m
    at [90m/Users/yunmu/Desktop/Yun-AI-TodoList/apps/frontend/[39msrc/composables/__tests__/useTodos.test.ts:56:11
[90m    at processTicksAndRejections (node:internal/process/task_queues:105:5)[39m
    at file:///Users/yunmu/Desktop/Yun-AI-TodoList/node_modules/[4m.pnpm[24m/@vitest+runner@3.2.3/node_modules/[4m@vitest[24m/runner/dist/chunk-hooks.js:752:20

[2025-06-25T17:08:30.135Z] [useTodos] Error adding todo Error: Storage service not initialized
    at getCurrentStorageService [90m(/Users/yunmu/Desktop/Yun-AI-TodoList/apps/frontend/[39msrc/composables/useStorageMode.ts:92:13[90m)[39m
    at addTodo [90m(/Users/yunmu/Desktop/Yun-AI-TodoList/apps/frontend/[39msrc/composables/useTodos.ts:133:30[90m)[39m
    at [90m/Users/yunmu/Desktop/Yun-AI-TodoList/apps/frontend/[39msrc/composables/__tests__/useTodos.test.ts:57:11
[90m    at processTicksAndRejections (node:internal/process/task_queues:105:5)[39m
    at file:///Users/yunmu/Desktop/Yun-AI-TodoList/node_modules/[4m.pnpm[24m/@vitest+runner@3.2.3/node_modules/[4m@vitest[24m/runner/dist/chunk-hooks.js:752:20

[2025-06-25T17:08:30.135Z] [useTodos] Error reordering todos Error: Storage service not initialized
    at getCurrentStorageService [90m(/Users/yunmu/Desktop/Yun-AI-TodoList/apps/frontend/[39msrc/composables/useStorageMode.ts:92:13[90m)[39m
    at updateTodosOrder [90m(/Users/yunmu/Desktop/Yun-AI-TodoList/apps/frontend/[39msrc/composables/useTodos.ts:270:30[90m)[39m
    at [90m/Users/yunmu/Desktop/Yun-AI-TodoList/apps/frontend/[39msrc/composables/__tests__/useTodos.test.ts:62:11
[90m    at processTicksAndRejections (node:internal/process/task_queues:105:5)[39m
    at file:///Users/yunmu/Desktop/Yun-AI-TodoList/node_modules/[4m.pnpm[24m/@vitest+runner@3.2.3/node_modules/[4m@vitest[24m/runner/dist/chunk-hooks.js:752:20

            </system-err>
            <failure message="Cannot read properties of undefined (reading &apos;title&apos;)" type="TypeError">
TypeError: Cannot read properties of undefined (reading &apos;title&apos;)
 ❯ src/composables/__tests__/useTodos.test.ts:64:27
            </failure>
        </testcase>
    </testsuite>
    <testsuite name="src/services/__tests__/deepseekService.test.ts" timestamp="2025-06-25T17:08:34.555Z" hostname="yunmudeMacBook-Pro.local" tests="15" failures="0" errors="0" skipped="0" time="0.115175792">
        <testcase classname="src/services/__tests__/deepseekService.test.ts" name="deepseekService &gt; getAIResponse &gt; 应该成功获取 AI 响应" time="0.00337675">
        </testcase>
        <testcase classname="src/services/__tests__/deepseekService.test.ts" name="deepseekService &gt; getAIResponse &gt; 应该处理 API Key 缺失" time="0.002238916">
        </testcase>
        <testcase classname="src/services/__tests__/deepseekService.test.ts" name="deepseekService &gt; getAIResponse &gt; 应该处理 HTTP 错误" time="0.000545958">
        </testcase>
        <testcase classname="src/services/__tests__/deepseekService.test.ts" name="deepseekService &gt; getAIResponse &gt; 应该处理无效的 AI 响应" time="0.000743292">
        </testcase>
        <testcase classname="src/services/__tests__/deepseekService.test.ts" name="deepseekService &gt; getAIResponse &gt; 应该支持不同语言和温度参数" time="0.000649875">
        </testcase>
        <testcase classname="src/services/__tests__/deepseekService.test.ts" name="deepseekService &gt; getAIStreamResponse &gt; 应该成功流式获取 AI 响应" time="0.001074417">
        </testcase>
        <testcase classname="src/services/__tests__/deepseekService.test.ts" name="deepseekService &gt; getAIStreamResponse &gt; 应该处理流式响应错误" time="0.000676584">
        </testcase>
        <testcase classname="src/services/__tests__/deepseekService.test.ts" name="deepseekService &gt; getAIStreamResponse &gt; 应该处理流式响应中的无效数据" time="0.000349125">
        </testcase>
        <testcase classname="src/services/__tests__/deepseekService.test.ts" name="deepseekService &gt; optimizeText &gt; 应该成功优化文本" time="0.000453083">
        </testcase>
        <testcase classname="src/services/__tests__/deepseekService.test.ts" name="deepseekService &gt; optimizeText &gt; 应该处理优化失败" time="0.000383041">
        </testcase>
        <testcase classname="src/services/__tests__/deepseekService.test.ts" name="deepseekService &gt; abortCurrentRequest &gt; 应该能够中止当前请求" time="0.000293125">
        </testcase>
        <testcase classname="src/services/__tests__/deepseekService.test.ts" name="deepseekService &gt; 错误处理 &gt; 应该处理网络错误" time="0.000363084">
        </testcase>
        <testcase classname="src/services/__tests__/deepseekService.test.ts" name="deepseekService &gt; 错误处理 &gt; 应该处理超时错误" time="0.101929041">
        </testcase>
        <testcase classname="src/services/__tests__/deepseekService.test.ts" name="deepseekService &gt; 请求配置 &gt; 应该设置正确的请求头" time="0.000456666">
        </testcase>
        <testcase classname="src/services/__tests__/deepseekService.test.ts" name="deepseekService &gt; 请求配置 &gt; 应该设置正确的请求体" time="0.000598625">
        </testcase>
    </testsuite>
    <testsuite name="src/test/examples/working-test-pattern.test.ts" timestamp="2025-06-25T17:08:34.556Z" hostname="yunmudeMacBook-Pro.local" tests="8" failures="0" errors="0" skipped="0" time="0.029744583">
        <testcase classname="src/test/examples/working-test-pattern.test.ts" name="正确的测试模式示例 &gt; 基础功能测试 &gt; 应该测试纯函数" time="0.001075958">
        </testcase>
        <testcase classname="src/test/examples/working-test-pattern.test.ts" name="正确的测试模式示例 &gt; 基础功能测试 &gt; 应该测试 Vue 响应式" time="0.000405542">
        </testcase>
        <testcase classname="src/test/examples/working-test-pattern.test.ts" name="正确的测试模式示例 &gt; Mock 服务测试 &gt; 应该正确 mock 外部服务" time="0.000879291">
        </testcase>
        <testcase classname="src/test/examples/working-test-pattern.test.ts" name="正确的测试模式示例 &gt; Mock 服务测试 &gt; 应该处理 mock 错误" time="0.000837459">
        </testcase>
        <testcase classname="src/test/examples/working-test-pattern.test.ts" name="正确的测试模式示例 &gt; 状态管理测试 &gt; 应该测试简单的状态变化" time="0.000119667">
        </testcase>
        <testcase classname="src/test/examples/working-test-pattern.test.ts" name="正确的测试模式示例 &gt; 工具函数测试 &gt; 应该测试数据验证" time="0.000227125">
        </testcase>
        <testcase classname="src/test/examples/working-test-pattern.test.ts" name="正确的测试模式示例 &gt; 工具函数测试 &gt; 应该测试数据转换" time="0.000146708">
        </testcase>
        <testcase classname="src/test/examples/working-test-pattern.test.ts" name="正确的测试模式示例 &gt; 异步操作测试 &gt; 应该测试 Promise 处理" time="0.0242855">
        </testcase>
    </testsuite>
    <testsuite name="src/test/integration/aiIntegration.test.ts" timestamp="2025-06-25T17:08:34.557Z" hostname="yunmudeMacBook-Pro.local" tests="9" failures="0" errors="0" skipped="0" time="0.313237542">
        <testcase classname="src/test/integration/aiIntegration.test.ts" name="AI 集成测试 &gt; 聊天功能集成 &gt; 应该能够发送消息并接收响应" time="0.203614875">
        </testcase>
        <testcase classname="src/test/integration/aiIntegration.test.ts" name="AI 集成测试 &gt; 聊天功能集成 &gt; 应该处理流式响应错误" time="0.000563708">
        </testcase>
        <testcase classname="src/test/integration/aiIntegration.test.ts" name="AI 集成测试 &gt; 待办事项 AI 功能集成 &gt; 应该生成建议的待办事项" time="0.102611916">
        </testcase>
        <testcase classname="src/test/integration/aiIntegration.test.ts" name="AI 集成测试 &gt; 待办事项 AI 功能集成 &gt; 应该处理 AI 生成失败" time="0.001324541">
        </testcase>
        <testcase classname="src/test/integration/aiIntegration.test.ts" name="AI 集成测试 &gt; 对话历史管理 &gt; 应该保存和加载对话历史" time="0.000492625">
        </testcase>
        <testcase classname="src/test/integration/aiIntegration.test.ts" name="AI 集成测试 &gt; 对话历史管理 &gt; 应该创建新对话" time="0.000618791">
        </testcase>
        <testcase classname="src/test/integration/aiIntegration.test.ts" name="AI 集成测试 &gt; 对话历史管理 &gt; 应该切换对话" time="0.000496708">
        </testcase>
        <testcase classname="src/test/integration/aiIntegration.test.ts" name="AI 集成测试 &gt; 对话历史管理 &gt; 应该删除对话" time="0.002035083">
        </testcase>
        <testcase classname="src/test/integration/aiIntegration.test.ts" name="AI 集成测试 &gt; 错误处理集成 &gt; 应该正确处理网络错误" time="0.000597">
        </testcase>
    </testsuite>
    <testsuite name="src/test/integration/modelIntegration.test.ts" timestamp="2025-06-25T17:08:34.557Z" hostname="yunmudeMacBook-Pro.local" tests="4" failures="0" errors="0" skipped="0" time="0.004845583">
        <testcase classname="src/test/integration/modelIntegration.test.ts" name="模型集成测试 &gt; getAIResponse 模型使用 &gt; 应该使用当前选择的模型发送请求" time="0.003062958">
        </testcase>
        <testcase classname="src/test/integration/modelIntegration.test.ts" name="模型集成测试 &gt; getAIResponse 模型使用 &gt; 应该在模型切换后使用新模型" time="0.000342292">
        </testcase>
        <testcase classname="src/test/integration/modelIntegration.test.ts" name="模型集成测试 &gt; getAIStreamResponse 模型使用 &gt; 应该在流式响应中使用当前选择的模型" time="0.000494">
        </testcase>
        <testcase classname="src/test/integration/modelIntegration.test.ts" name="模型集成测试 &gt; 默认模型行为 &gt; 应该在没有保存模型时使用默认的 deepseek-chat" time="0.000177458">
        </testcase>
    </testsuite>
    <testsuite name="src/test/integration/todoWorkflow.test.ts" timestamp="2025-06-25T17:08:34.558Z" hostname="yunmudeMacBook-Pro.local" tests="10" failures="0" errors="0" skipped="0" time="0.585878792">
        <testcase classname="src/test/integration/todoWorkflow.test.ts" name="待办事项工作流集成测试 &gt; 基本待办事项工作流 &gt; 应该完成完整的待办事项生命周期" time="0.00656925">
        </testcase>
        <testcase classname="src/test/integration/todoWorkflow.test.ts" name="待办事项工作流集成测试 &gt; 基本待办事项工作流 &gt; 应该处理多个待办事项" time="0.001206583">
        </testcase>
        <testcase classname="src/test/integration/todoWorkflow.test.ts" name="待办事项工作流集成测试 &gt; 基本待办事项工作流 &gt; 应该防止重复的待办事项" time="0.000724583">
        </testcase>
        <testcase classname="src/test/integration/todoWorkflow.test.ts" name="待办事项工作流集成测试 &gt; 待办事项筛选和搜索 &gt; 应该正确筛选待办事项" time="0.264019">
        </testcase>
        <testcase classname="src/test/integration/todoWorkflow.test.ts" name="待办事项工作流集成测试 &gt; 待办事项筛选和搜索 &gt; 应该正确搜索待办事项" time="0.207158667">
        </testcase>
        <testcase classname="src/test/integration/todoWorkflow.test.ts" name="待办事项工作流集成测试 &gt; AI 辅助功能 &gt; 应该生成和确认建议的待办事项" time="0.102171958">
        </testcase>
        <testcase classname="src/test/integration/todoWorkflow.test.ts" name="待办事项工作流集成测试 &gt; AI 辅助功能 &gt; 应该取消建议的待办事项" time="0.000799584">
        </testcase>
        <testcase classname="src/test/integration/todoWorkflow.test.ts" name="待办事项工作流集成测试 &gt; 数据持久化 &gt; 应该保存和加载待办事项" time="0.000569">
        </testcase>
        <testcase classname="src/test/integration/todoWorkflow.test.ts" name="待办事项工作流集成测试 &gt; 数据持久化 &gt; 应该处理无效的存储数据" time="0.000769834">
        </testcase>
        <testcase classname="src/test/integration/todoWorkflow.test.ts" name="待办事项工作流集成测试 &gt; 错误处理 &gt; 应该处理 AI 服务错误" time="0.000539167">
        </testcase>
    </testsuite>
    <testsuite name="src/test/unit/modelSelection.test.ts" timestamp="2025-06-25T17:08:34.559Z" hostname="yunmudeMacBook-Pro.local" tests="7" failures="0" errors="0" skipped="0" time="0.003861709">
        <testcase classname="src/test/unit/modelSelection.test.ts" name="模型选择功能 &gt; getAIModel &gt; 应该返回当前选择的模型" time="0.001004125">
        </testcase>
        <testcase classname="src/test/unit/modelSelection.test.ts" name="模型选择功能 &gt; getAIModel &gt; 应该返回响应式的模型值" time="0.000165208">
        </testcase>
        <testcase classname="src/test/unit/modelSelection.test.ts" name="模型选择功能 &gt; saveAIModel &gt; 应该保存模型到 localStorage 和响应式变量" time="0.000875334">
        </testcase>
        <testcase classname="src/test/unit/modelSelection.test.ts" name="模型选择功能 &gt; saveAIModel &gt; 应该能够切换回 deepseek-chat 模型" time="0.000150791">
        </testcase>
        <testcase classname="src/test/unit/modelSelection.test.ts" name="模型选择功能 &gt; 默认模型 &gt; 应该默认使用 deepseek-chat 模型" time="0.00013275">
        </testcase>
        <testcase classname="src/test/unit/modelSelection.test.ts" name="模型选择功能 &gt; 默认模型 &gt; 应该从 localStorage 加载保存的模型" time="0.000069583">
        </testcase>
        <testcase classname="src/test/unit/modelSelection.test.ts" name="模型选择功能 &gt; 模型类型验证 &gt; 应该只接受有效的模型类型" time="0.00063875">
        </testcase>
    </testsuite>
    <testsuite name="src/tests/services/DataMigrationService.test.ts" timestamp="2025-06-25T17:08:34.560Z" hostname="yunmudeMacBook-Pro.local" tests="6" failures="0" errors="0" skipped="0" time="0.007655334">
        <testcase classname="src/tests/services/DataMigrationService.test.ts" name="DataMigrationService &gt; migrateLocalToRemote &gt; should migrate local todos to remote successfully" time="0.001994375">
        </testcase>
        <testcase classname="src/tests/services/DataMigrationService.test.ts" name="DataMigrationService &gt; migrateLocalToRemote &gt; should handle conflicts during migration" time="0.001187667">
        </testcase>
        <testcase classname="src/tests/services/DataMigrationService.test.ts" name="DataMigrationService &gt; migrateLocalToRemote &gt; should handle errors during migration" time="0.000677791">
        </testcase>
        <testcase classname="src/tests/services/DataMigrationService.test.ts" name="DataMigrationService &gt; migrateRemoteToLocal &gt; should migrate remote todos to local successfully" time="0.000826541">
        </testcase>
        <testcase classname="src/tests/services/DataMigrationService.test.ts" name="DataMigrationService &gt; resolveConflicts &gt; should resolve conflicts using local version" time="0.001460125">
        </testcase>
        <testcase classname="src/tests/services/DataMigrationService.test.ts" name="DataMigrationService &gt; resolveConflicts &gt; should resolve conflicts using remote version" time="0.00073875">
        </testcase>
    </testsuite>
    <testsuite name="src/tests/integration/storage-integration.test.ts" timestamp="2025-06-25T17:08:34.560Z" hostname="yunmudeMacBook-Pro.local" tests="11" failures="0" errors="0" skipped="0" time="1.16489675">
        <testcase classname="src/tests/integration/storage-integration.test.ts" name="Storage Integration Tests &gt; Storage Mode Switching &gt; should switch between storage modes correctly" time="0.005774292">
            <system-out>
Storage mode initialized: local

TODO: Sync storage config to server

Storage mode switched from local to remote

TODO: Sync storage config to server

Storage mode switched from remote to local

            </system-out>
            <system-err>
[Vue warn]: onMounted is called when there is no active component instance to be associated with. Lifecycle injection APIs can only be used during execution of setup(). If you are using async setup(), make sure to register lifecycle hooks before the first await statement.
[Vue warn]: onUnmounted is called when there is no active component instance to be associated with. Lifecycle injection APIs can only be used during execution of setup(). If you are using async setup(), make sure to register lifecycle hooks before the first await statement.

[Vue warn]: Cannot unmount an app that is not mounted.

            </system-err>
        </testcase>
        <testcase classname="src/tests/integration/storage-integration.test.ts" name="Storage Integration Tests &gt; Storage Mode Switching &gt; should handle storage mode initialization with user preferences" time="0.000466542">
            <system-err>
[Vue warn]: onMounted is called when there is no active component instance to be associated with. Lifecycle injection APIs can only be used during execution of setup(). If you are using async setup(), make sure to register lifecycle hooks before the first await statement.
[Vue warn]: onUnmounted is called when there is no active component instance to be associated with. Lifecycle injection APIs can only be used during execution of setup(). If you are using async setup(), make sure to register lifecycle hooks before the first await statement.

[Vue warn]: Cannot unmount an app that is not mounted.

            </system-err>
        </testcase>
        <testcase classname="src/tests/integration/storage-integration.test.ts" name="Storage Integration Tests &gt; Todo Operations with Different Storage Modes &gt; should perform CRUD operations in local storage mode" time="0.003128667">
            <system-out>
TODO: Sync storage config to server

Storage mode switched from local to local

            </system-out>
            <system-err>
[Vue warn]: onMounted is called when there is no active component instance to be associated with. Lifecycle injection APIs can only be used during execution of setup(). If you are using async setup(), make sure to register lifecycle hooks before the first await statement.
[Vue warn]: onUnmounted is called when there is no active component instance to be associated with. Lifecycle injection APIs can only be used during execution of setup(). If you are using async setup(), make sure to register lifecycle hooks before the first await statement.

[Vue warn]: onMounted is called when there is no active component instance to be associated with. Lifecycle injection APIs can only be used during execution of setup(). If you are using async setup(), make sure to register lifecycle hooks before the first await statement.
[Vue warn]: onUnmounted is called when there is no active component instance to be associated with. Lifecycle injection APIs can only be used during execution of setup(). If you are using async setup(), make sure to register lifecycle hooks before the first await statement.

[INFO] [2025-06-25T17:08:30.093Z] [useTodos] Todos saved successfully 

[INFO] [2025-06-25T17:08:30.093Z] [useTodos] Todo added successfully { id: [32m&apos;todo_310093000001_1vg8gh6en&apos;[39m, title: [32m&apos;Test Todo&apos;[39m }

[INFO] [2025-06-25T17:08:30.094Z] [useTodos] Todos saved successfully 

[INFO] [2025-06-25T17:08:30.094Z] [useTodos] Todo updated successfully {
  id: [32m&apos;todo_310093000001_1vg8gh6en&apos;[39m,
  updates: { title: [32m&apos;Updated Todo&apos;[39m, completed: [33mtrue[39m }
}

[INFO] [2025-06-25T17:08:30.094Z] [useTodos] Todos saved successfully 

[INFO] [2025-06-25T17:08:30.094Z] [useTodos] Todo removed successfully { id: [32m&apos;todo_310093000001_1vg8gh6en&apos;[39m }

[Vue warn]: Cannot unmount an app that is not mounted.

            </system-err>
        </testcase>
        <testcase classname="src/tests/integration/storage-integration.test.ts" name="Storage Integration Tests &gt; Todo Operations with Different Storage Modes &gt; should handle batch operations correctly" time="0.002090541">
            <system-err>
[Vue warn]: onMounted is called when there is no active component instance to be associated with. Lifecycle injection APIs can only be used during execution of setup(). If you are using async setup(), make sure to register lifecycle hooks before the first await statement.
[Vue warn]: onUnmounted is called when there is no active component instance to be associated with. Lifecycle injection APIs can only be used during execution of setup(). If you are using async setup(), make sure to register lifecycle hooks before the first await statement.

[Vue warn]: onMounted is called when there is no active component instance to be associated with. Lifecycle injection APIs can only be used during execution of setup(). If you are using async setup(), make sure to register lifecycle hooks before the first await statement.
[Vue warn]: onUnmounted is called when there is no active component instance to be associated with. Lifecycle injection APIs can only be used during execution of setup(). If you are using async setup(), make sure to register lifecycle hooks before the first await statement.

[INFO] [2025-06-25T17:08:30.096Z] [useTodos] Batch todos added successfully { added: [33m3[39m, duplicates: [33m0[39m }

[2025-06-25T17:08:30.096Z] [useTodos] Failed to add batch todos { errors: [] }

[Vue warn]: Cannot unmount an app that is not mounted.

            </system-err>
        </testcase>
        <testcase classname="src/tests/integration/storage-integration.test.ts" name="Storage Integration Tests &gt; Data Migration &gt; should migrate data between storage modes" time="0.023996417">
            <system-out>
TODO: Sync storage config to server

Storage mode switched from local to local

Migration and sync services initialized

            </system-out>
            <system-err>
[Vue warn]: onMounted is called when there is no active component instance to be associated with. Lifecycle injection APIs can only be used during execution of setup(). If you are using async setup(), make sure to register lifecycle hooks before the first await statement.
[Vue warn]: onUnmounted is called when there is no active component instance to be associated with. Lifecycle injection APIs can only be used during execution of setup(). If you are using async setup(), make sure to register lifecycle hooks before the first await statement.

[Vue warn]: onMounted is called when there is no active component instance to be associated with. Lifecycle injection APIs can only be used during execution of setup(). If you are using async setup(), make sure to register lifecycle hooks before the first await statement.
[Vue warn]: onUnmounted is called when there is no active component instance to be associated with. Lifecycle injection APIs can only be used during execution of setup(). If you are using async setup(), make sure to register lifecycle hooks before the first await statement.
[Vue warn]: onMounted is called when there is no active component instance to be associated with. Lifecycle injection APIs can only be used during execution of setup(). If you are using async setup(), make sure to register lifecycle hooks before the first await statement.
[Vue warn]: onUnmounted is called when there is no active component instance to be associated with. Lifecycle injection APIs can only be used during execution of setup(). If you are using async setup(), make sure to register lifecycle hooks before the first await statement.

[INFO] [2025-06-25T17:08:30.097Z] [useTodos] Todos saved successfully 

[INFO] [2025-06-25T17:08:30.098Z] [useTodos] Todo added successfully { id: [32m&apos;todo_310097000005_whgdvkwcs&apos;[39m, title: [32m&apos;Local Todo 1&apos;[39m }

[INFO] [2025-06-25T17:08:30.098Z] [useTodos] Todos saved successfully 

[INFO] [2025-06-25T17:08:30.098Z] [useTodos] Todo added successfully { id: [32m&apos;todo_310098000006_roh8fenyn&apos;[39m, title: [32m&apos;Local Todo 2&apos;[39m }

Failed to fetch todos from server: TypeError: fetch failed
[90m    at node:internal/deps/undici/undici:13510:13[39m
[90m    at processTicksAndRejections (node:internal/process/task_queues:105:5)[39m
    at HttpClient.executeRequest [90m(/Users/yunmu/Desktop/Yun-AI-TodoList/apps/frontend/[39msrc/services/api.ts:237:24[90m)[39m
    at RemoteStorageService.getTodos [90m(/Users/yunmu/Desktop/Yun-AI-TodoList/apps/frontend/[39msrc/services/storage/RemoteStorageService.ts:41:24[90m)[39m
    at DataMigrationService.migrateLocalToRemote [90m(/Users/yunmu/Desktop/Yun-AI-TodoList/apps/frontend/[39msrc/services/DataMigrationService.ts:81:28[90m)[39m
    at migrateToCloud [90m(/Users/yunmu/Desktop/Yun-AI-TodoList/apps/frontend/[39msrc/composables/useDataMigration.ts:96:22[90m)[39m
    at [90m/Users/yunmu/Desktop/Yun-AI-TodoList/apps/frontend/[39msrc/tests/integration/storage-integration.test.ts:180:32
    at file:///Users/yunmu/Desktop/Yun-AI-TodoList/node_modules/[4m.pnpm[24m/@vitest+runner@3.2.3/node_modules/[4m@vitest[24m/runner/dist/chunk-hooks.js:752:20 {
  [cause]: AggregateError: 
  [90m    at internalConnectMultiple (node:net:1139:18)[39m
  [90m    at afterConnectMultiple (node:net:1714:7)[39m {
    code: [32m&apos;ECONNREFUSED&apos;[39m,
    [errors]: [ [36m[Error][39m, [36m[Error][39m ]
  }
}

Migration failed: Error: 获取远程数据失败: fetch failed
    at DataMigrationService.migrateLocalToRemote [90m(/Users/yunmu/Desktop/Yun-AI-TodoList/apps/frontend/[39msrc/services/DataMigrationService.ts:83:15[90m)[39m
[90m    at processTicksAndRejections (node:internal/process/task_queues:105:5)[39m
    at migrateToCloud [90m(/Users/yunmu/Desktop/Yun-AI-TodoList/apps/frontend/[39msrc/composables/useDataMigration.ts:96:22[90m)[39m
    at [90m/Users/yunmu/Desktop/Yun-AI-TodoList/apps/frontend/[39msrc/tests/integration/storage-integration.test.ts:180:32
    at file:///Users/yunmu/Desktop/Yun-AI-TodoList/node_modules/[4m.pnpm[24m/@vitest+runner@3.2.3/node_modules/[4m@vitest[24m/runner/dist/chunk-hooks.js:752:20

Migration to cloud failed: Error: 获取远程数据失败: fetch failed
    at DataMigrationService.migrateLocalToRemote [90m(/Users/yunmu/Desktop/Yun-AI-TodoList/apps/frontend/[39msrc/services/DataMigrationService.ts:83:15[90m)[39m
[90m    at processTicksAndRejections (node:internal/process/task_queues:105:5)[39m
    at migrateToCloud [90m(/Users/yunmu/Desktop/Yun-AI-TodoList/apps/frontend/[39msrc/composables/useDataMigration.ts:96:22[90m)[39m
    at [90m/Users/yunmu/Desktop/Yun-AI-TodoList/apps/frontend/[39msrc/tests/integration/storage-integration.test.ts:180:32
    at file:///Users/yunmu/Desktop/Yun-AI-TodoList/node_modules/[4m.pnpm[24m/@vitest+runner@3.2.3/node_modules/[4m@vitest[24m/runner/dist/chunk-hooks.js:752:20

[Vue warn]: Cannot unmount an app that is not mounted.

            </system-err>
        </testcase>
        <testcase classname="src/tests/integration/storage-integration.test.ts" name="Storage Integration Tests &gt; Data Migration &gt; should handle migration conflicts" time="0.001025375">
            <system-err>
[Vue warn]: onMounted is called when there is no active component instance to be associated with. Lifecycle injection APIs can only be used during execution of setup(). If you are using async setup(), make sure to register lifecycle hooks before the first await statement.
[Vue warn]: onUnmounted is called when there is no active component instance to be associated with. Lifecycle injection APIs can only be used during execution of setup(). If you are using async setup(), make sure to register lifecycle hooks before the first await statement.

[Vue warn]: onMounted is called when there is no active component instance to be associated with. Lifecycle injection APIs can only be used during execution of setup(). If you are using async setup(), make sure to register lifecycle hooks before the first await statement.
[Vue warn]: onUnmounted is called when there is no active component instance to be associated with. Lifecycle injection APIs can only be used during execution of setup(). If you are using async setup(), make sure to register lifecycle hooks before the first await statement.

[Vue warn]: Cannot unmount an app that is not mounted.

            </system-err>
        </testcase>
        <testcase classname="src/tests/integration/storage-integration.test.ts" name="Storage Integration Tests &gt; Offline Mode Handling &gt; should handle offline mode transitions" time="0.001217083">
            <system-err>
[Vue warn]: onMounted is called when there is no active component instance to be associated with. Lifecycle injection APIs can only be used during execution of setup(). If you are using async setup(), make sure to register lifecycle hooks before the first await statement.
[Vue warn]: onUnmounted is called when there is no active component instance to be associated with. Lifecycle injection APIs can only be used during execution of setup(). If you are using async setup(), make sure to register lifecycle hooks before the first await statement.

[Vue warn]: Cannot unmount an app that is not mounted.

            </system-err>
        </testcase>
        <testcase classname="src/tests/integration/storage-integration.test.ts" name="Storage Integration Tests &gt; Error Handling &gt; should handle storage errors gracefully" time="0.005754875">
            <system-err>
[Vue warn]: onMounted is called when there is no active component instance to be associated with. Lifecycle injection APIs can only be used during execution of setup(). If you are using async setup(), make sure to register lifecycle hooks before the first await statement.
[Vue warn]: onUnmounted is called when there is no active component instance to be associated with. Lifecycle injection APIs can only be used during execution of setup(). If you are using async setup(), make sure to register lifecycle hooks before the first await statement.

[Vue warn]: onMounted is called when there is no active component instance to be associated with. Lifecycle injection APIs can only be used during execution of setup(). If you are using async setup(), make sure to register lifecycle hooks before the first await statement.
[Vue warn]: onUnmounted is called when there is no active component instance to be associated with. Lifecycle injection APIs can only be used during execution of setup(). If you are using async setup(), make sure to register lifecycle hooks before the first await statement.

Failed to save todos to localStorage: Error: Storage quota exceeded
    at Object.&lt;anonymous&gt; [90m(/Users/yunmu/Desktop/Yun-AI-TodoList/apps/frontend/[39msrc/tests/integration/storage-integration.test.ts:229:15[90m)[39m
    at Object.mockCall (file:///Users/yunmu/Desktop/Yun-AI-TodoList/node_modules/[4m.pnpm[24m/@vitest+spy@3.2.3/node_modules/[4m@vitest[24m/spy/dist/index.js:89:15)
    at Object.spy [as setItem] (file:///Users/yunmu/Desktop/Yun-AI-TodoList/node_modules/[4m.pnpm[24m/tinyspy@4.0.3/node_modules/[4mtinyspy[24m/dist/index.js:47:103)
    at LocalStorageService.saveToStorage [90m(/Users/yunmu/Desktop/Yun-AI-TodoList/apps/frontend/[39msrc/services/storage/LocalStorageService.ts:543:20[90m)[39m
    at LocalStorageService.createTodo [90m(/Users/yunmu/Desktop/Yun-AI-TodoList/apps/frontend/[39msrc/services/storage/LocalStorageService.ts:139:18[90m)[39m
    at addTodo [90m(/Users/yunmu/Desktop/Yun-AI-TodoList/apps/frontend/[39msrc/composables/useTodos.ts:139:43[90m)[39m
    at [90m/Users/yunmu/Desktop/Yun-AI-TodoList/apps/frontend/[39msrc/tests/integration/storage-integration.test.ts:239:28
[90m    at processTicksAndRejections (node:internal/process/task_queues:105:5)[39m
    at file:///Users/yunmu/Desktop/Yun-AI-TodoList/node_modules/[4m.pnpm[24m/@vitest+runner@3.2.3/node_modules/[4m@vitest[24m/runner/dist/chunk-hooks.js:752:20

Failed to create todo: Error: Storage quota exceeded
    at Object.&lt;anonymous&gt; [90m(/Users/yunmu/Desktop/Yun-AI-TodoList/apps/frontend/[39msrc/tests/integration/storage-integration.test.ts:229:15[90m)[39m
    at Object.mockCall (file:///Users/yunmu/Desktop/Yun-AI-TodoList/node_modules/[4m.pnpm[24m/@vitest+spy@3.2.3/node_modules/[4m@vitest[24m/spy/dist/index.js:89:15)
    at Object.spy [as setItem] (file:///Users/yunmu/Desktop/Yun-AI-TodoList/node_modules/[4m.pnpm[24m/tinyspy@4.0.3/node_modules/[4mtinyspy[24m/dist/index.js:47:103)
    at LocalStorageService.saveToStorage [90m(/Users/yunmu/Desktop/Yun-AI-TodoList/apps/frontend/[39msrc/services/storage/LocalStorageService.ts:543:20[90m)[39m
    at LocalStorageService.createTodo [90m(/Users/yunmu/Desktop/Yun-AI-TodoList/apps/frontend/[39msrc/services/storage/LocalStorageService.ts:139:18[90m)[39m
    at addTodo [90m(/Users/yunmu/Desktop/Yun-AI-TodoList/apps/frontend/[39msrc/composables/useTodos.ts:139:43[90m)[39m
    at [90m/Users/yunmu/Desktop/Yun-AI-TodoList/apps/frontend/[39msrc/tests/integration/storage-integration.test.ts:239:28
[90m    at processTicksAndRejections (node:internal/process/task_queues:105:5)[39m
    at file:///Users/yunmu/Desktop/Yun-AI-TodoList/node_modules/[4m.pnpm[24m/@vitest+runner@3.2.3/node_modules/[4m@vitest[24m/runner/dist/chunk-hooks.js:752:20

[2025-06-25T17:08:30.129Z] [useTodos] Failed to add todo storage.saveLocalDataFailed

[Vue warn]: Cannot unmount an app that is not mounted.

            </system-err>
        </testcase>
        <testcase classname="src/tests/integration/storage-integration.test.ts" name="Storage Integration Tests &gt; Error Handling &gt; should retry failed operations" time="0.000889709">
            <system-err>
[Vue warn]: onMounted is called when there is no active component instance to be associated with. Lifecycle injection APIs can only be used during execution of setup(). If you are using async setup(), make sure to register lifecycle hooks before the first await statement.
[Vue warn]: onUnmounted is called when there is no active component instance to be associated with. Lifecycle injection APIs can only be used during execution of setup(). If you are using async setup(), make sure to register lifecycle hooks before the first await statement.

[Vue warn]: onMounted is called when there is no active component instance to be associated with. Lifecycle injection APIs can only be used during execution of setup(). If you are using async setup(), make sure to register lifecycle hooks before the first await statement.
[Vue warn]: onUnmounted is called when there is no active component instance to be associated with. Lifecycle injection APIs can only be used during execution of setup(). If you are using async setup(), make sure to register lifecycle hooks before the first await statement.

[Vue warn]: Cannot unmount an app that is not mounted.

            </system-err>
        </testcase>
        <testcase classname="src/tests/integration/storage-integration.test.ts" name="Storage Integration Tests &gt; Performance and Memory &gt; should not leak memory during storage operations" time="0.677436292">
            <system-err>
[Vue warn]: onMounted is called when there is no active component instance to be associated with. Lifecycle injection APIs can only be used during execution of setup(). If you are using async setup(), make sure to register lifecycle hooks before the first await statement.
[Vue warn]: onUnmounted is called when there is no active component instance to be associated with. Lifecycle injection APIs can only be used during execution of setup(). If you are using async setup(), make sure to register lifecycle hooks before the first await statement.

[Vue warn]: onMounted is called when there is no active component instance to be associated with. Lifecycle injection APIs can only be used during execution of setup(). If you are using async setup(), make sure to register lifecycle hooks before the first await statement.
[Vue warn]: onUnmounted is called when there is no active component instance to be associated with. Lifecycle injection APIs can only be used during execution of setup(). If you are using async setup(), make sure to register lifecycle hooks before the first await statement.

[INFO] [2025-06-25T17:08:30.440Z] [useTodos] Todos saved successfully 
[INFO] [2025-06-25T17:08:30.456Z] [useTodos] Todos saved successfully 
[INFO] [2025-06-25T17:08:30.456Z] [useTodos] Todos saved successfully 
[INFO] [2025-06-25T17:08:30.456Z] [useTodos] Todos saved successfully 
[INFO] [2025-06-25T17:08:30.456Z] [useTodos] Todos saved successfully 
[INFO] [2025-06-25T17:08:30.456Z] [useTodos] Todos saved successfully 
[INFO] [2025-06-25T17:08:30.456Z] [useTodos] Todos saved successfully 
[INFO] [2025-06-25T17:08:30.457Z] [useTodos] Todos saved successfully 
[INFO] [2025-06-25T17:08:30.457Z] [useTodos] Todos saved successfully 
[INFO] [2025-06-25T17:08:30.457Z] [useTodos] Todos saved successfully 
[INFO] [2025-06-25T17:08:30.457Z] [useTodos] Todos saved successfully 
[INFO] [2025-06-25T17:08:30.457Z] [useTodos] Todos saved successfully 
[INFO] [2025-06-25T17:08:30.457Z] [useTodos] Todos saved successfully 
[INFO] [2025-06-25T17:08:30.457Z] [useTodos] Todos saved successfully 
[INFO] [2025-06-25T17:08:30.457Z] [useTodos] Todos saved successfully 
[INFO] [2025-06-25T17:08:30.457Z] [useTodos] Todos saved successfully 
[INFO] [2025-06-25T17:08:30.457Z] [useTodos] Todos saved successfully 
[INFO] [2025-06-25T17:08:30.457Z] [useTodos] Todos saved successfully 
[INFO] [2025-06-25T17:08:30.457Z] [useTodos] Todos saved successfully 
[INFO] [2025-06-25T17:08:30.457Z] [useTodos] Todos saved successfully 
[INFO] [2025-06-25T17:08:30.457Z] [useTodos] Todos saved successfully 
[INFO] [2025-06-25T17:08:30.457Z] [useTodos] Todos saved successfully 
[INFO] [2025-06-25T17:08:30.457Z] [useTodos] Todos saved successfully 
[INFO] [2025-06-25T17:08:30.457Z] [useTodos] Todos saved successfully 
[INFO] [2025-06-25T17:08:30.457Z] [useTodos] Todos saved successfully 
[INFO] [2025-06-25T17:08:30.457Z] [useTodos] Todos saved successfully 
[INFO] [2025-06-25T17:08:30.457Z] [useTodos] Todos saved successfully 
[INFO] [2025-06-25T17:08:30.457Z] [useTodos] Todos saved successfully 
[INFO] [2025-06-25T17:08:30.457Z] [useTodos] Todos saved successfully 
[INFO] [2025-06-25T17:08:30.457Z] [useTodos] Todos saved successfully 
[INFO] [2025-06-25T17:08:30.457Z] [useTodos] Todos saved successfully 
[INFO] [2025-06-25T17:08:30.457Z] [useTodos] Todos saved successfully 
[INFO] [2025-06-25T17:08:30.459Z] [useTodos] Todos saved successfully 
[INFO] [2025-06-25T17:08:30.459Z] [useTodos] Todos saved successfully 
[INFO] [2025-06-25T17:08:30.459Z] [useTodos] Todos saved successfully 
[INFO] [2025-06-25T17:08:30.459Z] [useTodos] Todos saved successfully 
[INFO] [2025-06-25T17:08:30.459Z] [useTodos] Todos saved successfully 
[INFO] [2025-06-25T17:08:30.459Z] [useTodos] Todos saved successfully 
[INFO] [2025-06-25T17:08:30.459Z] [useTodos] Todos saved successfully 
[INFO] [2025-06-25T17:08:30.459Z] [useTodos] Todos saved successfully 
[INFO] [2025-06-25T17:08:30.459Z] [useTodos] Todos saved successfully 
[INFO] [2025-06-25T17:08:30.459Z] [useTodos] Todos saved successfully 
[INFO] [2025-06-25T17:08:30.459Z] [useTodos] Todos saved successfully 
[INFO] [2025-06-25T17:08:30.459Z] [useTodos] Todos saved successfully 
[INFO] [2025-06-25T17:08:30.459Z] [useTodos] Todos saved successfully 
[INFO] [2025-06-25T17:08:30.459Z] [useTodos] Todos saved successfully 
[INFO] [2025-06-25T17:08:30.459Z] [useTodos] Todos saved successfully 
[INFO] [2025-06-25T17:08:30.459Z] [useTodos] Todos saved successfully 
[INFO] [2025-06-25T17:08:30.459Z] [useTodos] Todos saved successfully 
[INFO] [2025-06-25T17:08:30.459Z] [useTodos] Todos saved successfully 
[INFO] [2025-06-25T17:08:30.459Z] [useTodos] Todos saved successfully 
[INFO] [2025-06-25T17:08:30.459Z] [useTodos] Todos saved successfully 
[INFO] [2025-06-25T17:08:30.459Z] [useTodos] Todos saved successfully 
[INFO] [2025-06-25T17:08:30.459Z] [useTodos] Todos saved successfully 
[INFO] [2025-06-25T17:08:30.459Z] [useTodos] Todos saved successfully 
[INFO] [2025-06-25T17:08:30.459Z] [useTodos] Todos saved successfully 
[INFO] [2025-06-25T17:08:30.459Z] [useTodos] Todos saved successfully 
[INFO] [2025-06-25T17:08:30.459Z] [useTodos] Todos saved successfully 
[INFO] [2025-06-25T17:08:30.459Z] [useTodos] Todos saved successfully 
[INFO] [2025-06-25T17:08:30.459Z] [useTodos] Todos saved successfully 
[INFO] [2025-06-25T17:08:30.459Z] [useTodos] Todos saved successfully 
[INFO] [2025-06-25T17:08:30.459Z] [useTodos] Todos saved successfully 
[INFO] [2025-06-25T17:08:30.459Z] [useTodos] Todos saved successfully 
[INFO] [2025-06-25T17:08:30.459Z] [useTodos] Todos saved successfully 
[INFO] [2025-06-25T17:08:30.459Z] [useTodos] Todos saved successfully 
[INFO] [2025-06-25T17:08:30.459Z] [useTodos] Todos saved successfully 
[INFO] [2025-06-25T17:08:30.459Z] [useTodos] Todos saved successfully 
[INFO] [2025-06-25T17:08:30.459Z] [useTodos] Todos saved successfully 
[INFO] [2025-06-25T17:08:30.459Z] [useTodos] Todos saved successfully 
[INFO] [2025-06-25T17:08:30.459Z] [useTodos] Todos saved successfully 
[INFO] [2025-06-25T17:08:30.459Z] [useTodos] Todos saved successfully 
[INFO] [2025-06-25T17:08:30.459Z] [useTodos] Todos saved successfully 
[INFO] [2025-06-25T17:08:30.459Z] [useTodos] Todos saved successfully 
[INFO] [2025-06-25T17:08:30.459Z] [useTodos] Todos saved successfully 
[INFO] [2025-06-25T17:08:30.459Z] [useTodos] Todos saved successfully 
[INFO] [2025-06-25T17:08:30.459Z] [useTodos] Todos saved successfully 
[INFO] [2025-06-25T17:08:30.459Z] [useTodos] Todos saved successfully 
[INFO] [2025-06-25T17:08:30.459Z] [useTodos] Todos saved successfully 
[INFO] [2025-06-25T17:08:30.459Z] [useTodos] Todos saved successfully 
[INFO] [2025-06-25T17:08:30.459Z] [useTodos] Todos saved successfully 
[INFO] [2025-06-25T17:08:30.459Z] [useTodos] Todos saved successfully 
[INFO] [2025-06-25T17:08:30.459Z] [useTodos] Todos saved successfully 
[INFO] [2025-06-25T17:08:30.459Z] [useTodos] Todos saved successfully 
[INFO] [2025-06-25T17:08:30.459Z] [useTodos] Todos saved successfully 
[INFO] [2025-06-25T17:08:30.459Z] [useTodos] Todos saved successfully 
[INFO] [2025-06-25T17:08:30.459Z] [useTodos] Todos saved successfully 
[INFO] [2025-06-25T17:08:30.459Z] [useTodos] Todos saved successfully 
[INFO] [2025-06-25T17:08:30.459Z] [useTodos] Todos saved successfully 
[INFO] [2025-06-25T17:08:30.459Z] [useTodos] Todos saved successfully 
[INFO] [2025-06-25T17:08:30.459Z] [useTodos] Todos saved successfully 
[INFO] [2025-06-25T17:08:30.459Z] [useTodos] Todos saved successfully 
[INFO] [2025-06-25T17:08:30.459Z] [useTodos] Todos saved successfully 
[INFO] [2025-06-25T17:08:30.459Z] [useTodos] Todos saved successfully 
[INFO] [2025-06-25T17:08:30.460Z] [useTodos] Todos saved successfully 
[INFO] [2025-06-25T17:08:30.460Z] [useTodos] Todos saved successfully 
[INFO] [2025-06-25T17:08:30.460Z] [useTodos] Todos saved successfully 
[INFO] [2025-06-25T17:08:30.460Z] [useTodos] Todos saved successfully 
[INFO] [2025-06-25T17:08:30.460Z] [useTodos] Todos saved successfully 
[INFO] [2025-06-25T17:08:30.460Z] [useTodos] Todos saved successfully 
[INFO] [2025-06-25T17:08:30.460Z] [useTodos] Todos saved successfully 
[INFO] [2025-06-25T17:08:30.462Z] [useTodos] Todo added successfully {
  id: [32m&apos;todo_310130000008_0pzmf0y9c&apos;[39m,
  title: [32m&apos;Performance Test Todo 0 - 1750871310130-0.4452422719770974&apos;[39m
}
[INFO] [2025-06-25T17:08:30.462Z] [useTodos] Todo added successfully {
  id: [32m&apos;todo_310130000009_z2yhqk3gt&apos;[39m,
  title: [32m&apos;Performance Test Todo 1 - 1750871310130-0.821577984162194&apos;[39m
}
[INFO] [2025-06-25T17:08:30.464Z] [useTodos] Todo added successfully {
  id: [32m&apos;todo_310130000010_ayd5u9rsj&apos;[39m,
  title: [32m&apos;Performance Test Todo 2 - 1750871310130-0.3515551624957023&apos;[39m
}
[INFO] [2025-06-25T17:08:30.465Z] [useTodos] Todo added successfully {
  id: [32m&apos;todo_310130000011_f86zoev6s&apos;[39m,
  title: [32m&apos;Performance Test Todo 3 - 1750871310130-0.9542109818987177&apos;[39m
}
[INFO] [2025-06-25T17:08:30.465Z] [useTodos] Todo added successfully {
  id: [32m&apos;todo_310130000012_bu4ogcgkk&apos;[39m,
  title: [32m&apos;Performance Test Todo 4 - 1750871310130-0.9329953747049486&apos;[39m
}
[INFO] [2025-06-25T17:08:30.465Z] [useTodos] Todo added successfully {
  id: [32m&apos;todo_310131000013_eg4b34xz8&apos;[39m,
  title: [32m&apos;Performance Test Todo 5 - 1750871310130-0.13932366360379755&apos;[39m
}
[INFO] [2025-06-25T17:08:30.466Z] [useTodos] Todo added successfully {
  id: [32m&apos;todo_310131000014_43bom86t5&apos;[39m,
  title: [32m&apos;Performance Test Todo 6 - 1750871310131-0.1402197363544906&apos;[39m
}
[INFO] [2025-06-25T17:08:30.466Z] [useTodos] Todo added successfully {
  id: [32m&apos;todo_310131000015_nw00axqfb&apos;[39m,
  title: [32m&apos;Performance Test Todo 7 - 1750871310131-0.6295302658480624&apos;[39m
}
[INFO] [2025-06-25T17:08:30.467Z] [useTodos] Todo added successfully {
  id: [32m&apos;todo_310131000016_vd7jy5aty&apos;[39m,
  title: [32m&apos;Performance Test Todo 8 - 1750871310131-0.7127921277151623&apos;[39m
}
[INFO] [2025-06-25T17:08:30.467Z] [useTodos] Todo added successfully {
  id: [32m&apos;todo_310131000017_t6fvsgqxo&apos;[39m,
  title: [32m&apos;Performance Test Todo 9 - 1750871310131-0.7180970751820708&apos;[39m
}
[INFO] [2025-06-25T17:08:30.468Z] [useTodos] Todo added successfully {
  id: [32m&apos;todo_310131000018_86cwdte2c&apos;[39m,
  title: [32m&apos;Performance Test Todo 10 - 1750871310131-0.4781715882762012&apos;[39m
}
[INFO] [2025-06-25T17:08:30.468Z] [useTodos] Todo added successfully {
  id: [32m&apos;todo_310131000019_ifeilpibp&apos;[39m,
  title: [32m&apos;Performance Test Todo 11 - 1750871310131-0.7855897589182073&apos;[39m
}
[INFO] [2025-06-25T17:08:30.469Z] [useTodos] Todo added successfully {
  id: [32m&apos;todo_310131000020_4lxam83hf&apos;[39m,
  title: [32m&apos;Performance Test Todo 12 - 1750871310131-0.49156938864047306&apos;[39m
}
[INFO] [2025-06-25T17:08:30.469Z] [useTodos] Todo added successfully {
  id: [32m&apos;todo_310131000021_ih9zuufxi&apos;[39m,
  title: [32m&apos;Performance Test Todo 13 - 1750871310131-0.6315710529443697&apos;[39m
}
[INFO] [2025-06-25T17:08:30.469Z] [useTodos] Todo added successfully {
  id: [32m&apos;todo_310131000022_ta4ooezp2&apos;[39m,
  title: [32m&apos;Performance Test Todo 14 - 1750871310131-0.448440112195329&apos;[39m
}
[INFO] [2025-06-25T17:08:30.470Z] [useTodos] Todo added successfully {
  id: [32m&apos;todo_310131000023_s6gteudfo&apos;[39m,
  title: [32m&apos;Performance Test Todo 15 - 1750871310131-0.7164065938339057&apos;[39m
}
[INFO] [2025-06-25T17:08:30.470Z] [useTodos] Todo added successfully {
  id: [32m&apos;todo_310131000024_phegyk82i&apos;[39m,
  title: [32m&apos;Performance Test Todo 16 - 1750871310131-0.6685385499740548&apos;[39m
}
[INFO] [2025-06-25T17:08:30.471Z] [useTodos] Todo added successfully {
  id: [32m&apos;todo_310131000025_l0zwjebam&apos;[39m,
  title: [32m&apos;Performance Test Todo 17 - 1750871310131-0.1988611430767795&apos;[39m
}
[INFO] [2025-06-25T17:08:30.471Z] [useTodos] Todo added successfully {
  id: [32m&apos;todo_310131000026_szb3ga8yt&apos;[39m,
  title: [32m&apos;Performance Test Todo 18 - 1750871310131-0.26516126308453725&apos;[39m
}
[INFO] [2025-06-25T17:08:30.471Z] [useTodos] Todo added successfully {
  id: [32m&apos;todo_310131000027_9vf4trgt7&apos;[39m,
  title: [32m&apos;Performance Test Todo 19 - 1750871310131-0.9626086333768296&apos;[39m
}
[INFO] [2025-06-25T17:08:30.481Z] [useTodos] Todo added successfully {
  id: [32m&apos;todo_310131000028_67me3q279&apos;[39m,
  title: [32m&apos;Performance Test Todo 20 - 1750871310131-0.30855631765106595&apos;[39m
}
[INFO] [2025-06-25T17:08:30.481Z] [useTodos] Todo added successfully {
  id: [32m&apos;todo_310131000029_unuib3p8k&apos;[39m,
  title: [32m&apos;Performance Test Todo 21 - 1750871310131-0.11201983619859956&apos;[39m
}
[INFO] [2025-06-25T17:08:30.482Z] [useTodos] Todo added successfully {
  id: [32m&apos;todo_310131000030_pyjgxol9g&apos;[39m,
  title: [32m&apos;Performance Test Todo 22 - 1750871310131-0.08880052720935727&apos;[39m
}
[INFO] [2025-06-25T17:08:30.482Z] [useTodos] Todo added successfully {
  id: [32m&apos;todo_310131000031_zkfhti0pa&apos;[39m,
  title: [32m&apos;Performance Test Todo 23 - 1750871310131-0.6552697464902648&apos;[39m
}
[INFO] [2025-06-25T17:08:30.482Z] [useTodos] Todo added successfully {
  id: [32m&apos;todo_310131000032_23awy83js&apos;[39m,
  title: [32m&apos;Performance Test Todo 24 - 1750871310131-0.5687420120417657&apos;[39m
}
[INFO] [2025-06-25T17:08:30.483Z] [useTodos] Todo added successfully {
  id: [32m&apos;todo_310131000033_kkbwzhak8&apos;[39m,
  title: [32m&apos;Performance Test Todo 25 - 1750871310131-0.5076067590638671&apos;[39m
}
[INFO] [2025-06-25T17:08:30.483Z] [useTodos] Todo added successfully {
  id: [32m&apos;todo_310131000034_r3yxmqi4l&apos;[39m,
  title: [32m&apos;Performance Test Todo 26 - 1750871310131-0.44253496943480997&apos;[39m
}
[...]

[INFO] [2025-06-25T17:08:30.797Z] [useTodos] Todos saved successfully 

[INFO] [2025-06-25T17:08:30.797Z] [useTodos] Todo removed successfully { id: [32m&apos;todo_310134000089_61jerfgs1&apos;[39m }

[INFO] [2025-06-25T17:08:30.797Z] [useTodos] Todos saved successfully 

[INFO] [2025-06-25T17:08:30.798Z] [useTodos] Todo removed successfully { id: [32m&apos;todo_310134000090_g1noam2v4&apos;[39m }

[INFO] [2025-06-25T17:08:30.798Z] [useTodos] Todos saved successfully 

[INFO] [2025-06-25T17:08:30.798Z] [useTodos] Todo removed successfully { id: [32m&apos;todo_310134000091_10zf89xad&apos;[39m }

[INFO] [2025-06-25T17:08:30.798Z] [useTodos] Todos saved successfully 

[INFO] [2025-06-25T17:08:30.799Z] [useTodos] Todo removed successfully { id: [32m&apos;todo_310134000092_3erbcoely&apos;[39m }

[INFO] [2025-06-25T17:08:30.799Z] [useTodos] Todos saved successfully 

[INFO] [2025-06-25T17:08:30.800Z] [useTodos] Todo removed successfully { id: [32m&apos;todo_310134000093_9jq8in8wf&apos;[39m }

[INFO] [2025-06-25T17:08:30.800Z] [useTodos] Todos saved successfully 

[INFO] [2025-06-25T17:08:30.801Z] [useTodos] Todo removed successfully { id: [32m&apos;todo_310134000094_1khy98alx&apos;[39m }

[INFO] [2025-06-25T17:08:30.801Z] [useTodos] Todos saved successfully 

[INFO] [2025-06-25T17:08:30.801Z] [useTodos] Todo removed successfully { id: [32m&apos;todo_310134000095_j4qbz87nn&apos;[39m }

[INFO] [2025-06-25T17:08:30.802Z] [useTodos] Todos saved successfully 

[INFO] [2025-06-25T17:08:30.802Z] [useTodos] Todo removed successfully { id: [32m&apos;todo_310134000096_8t8l76b24&apos;[39m }

[INFO] [2025-06-25T17:08:30.802Z] [useTodos] Todos saved successfully 

[INFO] [2025-06-25T17:08:30.802Z] [useTodos] Todo removed successfully { id: [32m&apos;todo_310134000097_jemsn7syn&apos;[39m }

[INFO] [2025-06-25T17:08:30.803Z] [useTodos] Todos saved successfully 

[INFO] [2025-06-25T17:08:30.803Z] [useTodos] Todo removed successfully { id: [32m&apos;todo_310134000098_e1443r1du&apos;[39m }

[INFO] [2025-06-25T17:08:30.803Z] [useTodos] Todos saved successfully 

[INFO] [2025-06-25T17:08:30.803Z] [useTodos] Todo removed successfully { id: [32m&apos;todo_310135000099_5faw670ba&apos;[39m }

[INFO] [2025-06-25T17:08:30.804Z] [useTodos] Todos saved successfully 

[INFO] [2025-06-25T17:08:30.804Z] [useTodos] Todo removed successfully { id: [32m&apos;todo_310135000100_wldxx7hcp&apos;[39m }

[INFO] [2025-06-25T17:08:30.804Z] [useTodos] Todos saved successfully 

[INFO] [2025-06-25T17:08:30.804Z] [useTodos] Todo removed successfully { id: [32m&apos;todo_310135000101_3po6ueyx4&apos;[39m }

[INFO] [2025-06-25T17:08:30.804Z] [useTodos] Todos saved successfully 

[INFO] [2025-06-25T17:08:30.805Z] [useTodos] Todo removed successfully { id: [32m&apos;todo_310135000102_r4lmwdxpi&apos;[39m }

[INFO] [2025-06-25T17:08:30.805Z] [useTodos] Todos saved successfully 

[INFO] [2025-06-25T17:08:30.805Z] [useTodos] Todo removed successfully { id: [32m&apos;todo_310135000103_vgkflu64m&apos;[39m }

[INFO] [2025-06-25T17:08:30.805Z] [useTodos] Todos saved successfully 

[INFO] [2025-06-25T17:08:30.806Z] [useTodos] Todo removed successfully { id: [32m&apos;todo_310135000104_i1sgbnsi9&apos;[39m }

[INFO] [2025-06-25T17:08:30.806Z] [useTodos] Todos saved successfully 

[INFO] [2025-06-25T17:08:30.806Z] [useTodos] Todo removed successfully { id: [32m&apos;todo_310135000105_jvlzrdgt1&apos;[39m }

[INFO] [2025-06-25T17:08:30.806Z] [useTodos] Todos saved successfully 

[INFO] [2025-06-25T17:08:30.806Z] [useTodos] Todo removed successfully { id: [32m&apos;todo_310135000106_s2nuik21a&apos;[39m }

[INFO] [2025-06-25T17:08:30.807Z] [useTodos] Todos saved successfully 

[INFO] [2025-06-25T17:08:30.807Z] [useTodos] Todo removed successfully { id: [32m&apos;todo_310135000107_jsdbbsczr&apos;[39m }

[Vue warn]: Cannot unmount an app that is not mounted.

            </system-err>
        </testcase>
        <testcase classname="src/tests/integration/storage-integration.test.ts" name="Storage Integration Tests &gt; Performance and Memory &gt; should handle large datasets efficiently" time="0.442061167">
            <system-err>
[Vue warn]: onMounted is called when there is no active component instance to be associated with. Lifecycle injection APIs can only be used during execution of setup(). If you are using async setup(), make sure to register lifecycle hooks before the first await statement.
[Vue warn]: onUnmounted is called when there is no active component instance to be associated with. Lifecycle injection APIs can only be used during execution of setup(). If you are using async setup(), make sure to register lifecycle hooks before the first await statement.

[Vue warn]: onMounted is called when there is no active component instance to be associated with. Lifecycle injection APIs can only be used during execution of setup(). If you are using async setup(), make sure to register lifecycle hooks before the first await statement.
[Vue warn]: onUnmounted is called when there is no active component instance to be associated with. Lifecycle injection APIs can only be used during execution of setup(). If you are using async setup(), make sure to register lifecycle hooks before the first await statement.

[INFO] [2025-06-25T17:08:31.249Z] [useTodos] Batch todos added successfully { added: [33m1000[39m, duplicates: [33m0[39m }

[Vue warn]: Cannot unmount an app that is not mounted.

            </system-err>
        </testcase>
    </testsuite>
    <testsuite name="src/tests/storage/LocalStorageService.test.ts" timestamp="2025-06-25T17:08:34.567Z" hostname="yunmudeMacBook-Pro.local" tests="13" failures="0" errors="0" skipped="0" time="0.013743042">
        <testcase classname="src/tests/storage/LocalStorageService.test.ts" name="LocalStorageService &gt; getTodos &gt; should return empty array when no todos exist" time="0.00306975">
        </testcase>
        <testcase classname="src/tests/storage/LocalStorageService.test.ts" name="LocalStorageService &gt; getTodos &gt; should return todos when they exist" time="0.000778833">
        </testcase>
        <testcase classname="src/tests/storage/LocalStorageService.test.ts" name="LocalStorageService &gt; getTodos &gt; should handle invalid JSON gracefully" time="0.005630917">
            <system-err>
Failed to load todos from localStorage: SyntaxError: Unexpected token &apos;i&apos;, &quot;invalid json&quot; is not valid JSON
    at JSON.parse (&lt;anonymous&gt;)
    at LocalStorageService.getTodos [90m(/Users/yunmu/Desktop/Yun-AI-TodoList/apps/frontend/[39msrc/services/storage/LocalStorageService.ts:37:32[90m)[39m
    at [90m/Users/yunmu/Desktop/Yun-AI-TodoList/apps/frontend/[39msrc/tests/storage/LocalStorageService.test.ts:65:36
    at file:///Users/yunmu/Desktop/Yun-AI-TodoList/node_modules/[4m.pnpm[24m/@vitest+runner@3.2.3/node_modules/[4m@vitest[24m/runner/dist/chunk-hooks.js:155:11
    at file:///Users/yunmu/Desktop/Yun-AI-TodoList/node_modules/[4m.pnpm[24m/@vitest+runner@3.2.3/node_modules/[4m@vitest[24m/runner/dist/chunk-hooks.js:752:26
    at file:///Users/yunmu/Desktop/Yun-AI-TodoList/node_modules/[4m.pnpm[24m/@vitest+runner@3.2.3/node_modules/[4m@vitest[24m/runner/dist/chunk-hooks.js:1894:20
    at new Promise (&lt;anonymous&gt;)
    at runWithTimeout (file:///Users/yunmu/Desktop/Yun-AI-TodoList/node_modules/[4m.pnpm[24m/@vitest+runner@3.2.3/node_modules/[4m@vitest[24m/runner/dist/chunk-hooks.js:1860:10)
    at runTest (file:///Users/yunmu/Desktop/Yun-AI-TodoList/node_modules/[4m.pnpm[24m/@vitest+runner@3.2.3/node_modules/[4m@vitest[24m/runner/dist/chunk-hooks.js:1571:12)
[90m    at processTicksAndRejections (node:internal/process/task_queues:105:5)[39m

            </system-err>
        </testcase>
        <testcase classname="src/tests/storage/LocalStorageService.test.ts" name="LocalStorageService &gt; createTodo &gt; should create a new todo successfully" time="0.000852708">
        </testcase>
        <testcase classname="src/tests/storage/LocalStorageService.test.ts" name="LocalStorageService &gt; createTodo &gt; should reject empty title" time="0.000120125">
        </testcase>
        <testcase classname="src/tests/storage/LocalStorageService.test.ts" name="LocalStorageService &gt; createTodo &gt; should reject duplicate titles" time="0.000250625">
        </testcase>
        <testcase classname="src/tests/storage/LocalStorageService.test.ts" name="LocalStorageService &gt; updateTodo &gt; should update an existing todo" time="0.000233542">
        </testcase>
        <testcase classname="src/tests/storage/LocalStorageService.test.ts" name="LocalStorageService &gt; updateTodo &gt; should return error for non-existent todo" time="0.000089458">
        </testcase>
        <testcase classname="src/tests/storage/LocalStorageService.test.ts" name="LocalStorageService &gt; deleteTodo &gt; should delete an existing todo" time="0.000141458">
        </testcase>
        <testcase classname="src/tests/storage/LocalStorageService.test.ts" name="LocalStorageService &gt; deleteTodo &gt; should return error for non-existent todo" time="0.000192125">
        </testcase>
        <testcase classname="src/tests/storage/LocalStorageService.test.ts" name="LocalStorageService &gt; getStats &gt; should return correct statistics" time="0.000183666">
        </testcase>
        <testcase classname="src/tests/storage/LocalStorageService.test.ts" name="LocalStorageService &gt; checkHealth &gt; should return true when localStorage is working" time="0.000137833">
        </testcase>
        <testcase classname="src/tests/storage/LocalStorageService.test.ts" name="LocalStorageService &gt; checkHealth &gt; should return false when localStorage throws error" time="0.001074875">
            <system-err>
LocalStorage health check failed: Error: Storage quota exceeded
    at Object.&lt;anonymous&gt; [90m(/Users/yunmu/Desktop/Yun-AI-TodoList/apps/frontend/[39msrc/tests/storage/LocalStorageService.test.ts:239:15[90m)[39m
    at Object.mockCall (file:///Users/yunmu/Desktop/Yun-AI-TodoList/node_modules/[4m.pnpm[24m/@vitest+spy@3.2.3/node_modules/[4m@vitest[24m/spy/dist/index.js:89:15)
    at Object.spy [as setItem] (file:///Users/yunmu/Desktop/Yun-AI-TodoList/node_modules/[4m.pnpm[24m/tinyspy@4.0.3/node_modules/[4mtinyspy[24m/dist/index.js:47:103)
    at LocalStorageService.checkHealth [90m(/Users/yunmu/Desktop/Yun-AI-TodoList/apps/frontend/[39msrc/services/storage/LocalStorageService.ts:420:20[90m)[39m
    at [90m/Users/yunmu/Desktop/Yun-AI-TodoList/apps/frontend/[39msrc/tests/storage/LocalStorageService.test.ts:242:36
    at file:///Users/yunmu/Desktop/Yun-AI-TodoList/node_modules/[4m.pnpm[24m/@vitest+runner@3.2.3/node_modules/[4m@vitest[24m/runner/dist/chunk-hooks.js:155:11
    at file:///Users/yunmu/Desktop/Yun-AI-TodoList/node_modules/[4m.pnpm[24m/@vitest+runner@3.2.3/node_modules/[4m@vitest[24m/runner/dist/chunk-hooks.js:752:26
    at file:///Users/yunmu/Desktop/Yun-AI-TodoList/node_modules/[4m.pnpm[24m/@vitest+runner@3.2.3/node_modules/[4m@vitest[24m/runner/dist/chunk-hooks.js:1894:20
    at new Promise (&lt;anonymous&gt;)
    at runWithTimeout (file:///Users/yunmu/Desktop/Yun-AI-TodoList/node_modules/[4m.pnpm[24m/@vitest+runner@3.2.3/node_modules/[4m@vitest[24m/runner/dist/chunk-hooks.js:1860:10)

            </system-err>
        </testcase>
    </testsuite>
    <testsuite name="src/utils/__tests__/idGenerator.test.ts" timestamp="2025-06-25T17:08:34.569Z" hostname="yunmudeMacBook-Pro.local" tests="6" failures="0" errors="0" skipped="0" time="0.003214917">
        <testcase classname="src/utils/__tests__/idGenerator.test.ts" name="IdGenerator &gt; should generate unique IDs" time="0.00138325">
        </testcase>
        <testcase classname="src/utils/__tests__/idGenerator.test.ts" name="IdGenerator &gt; should generate IDs in sequence when called rapidly" time="0.000124458">
        </testcase>
        <testcase classname="src/utils/__tests__/idGenerator.test.ts" name="IdGenerator &gt; should generate valid positive integers" time="0.0004805">
        </testcase>
        <testcase classname="src/utils/__tests__/idGenerator.test.ts" name="IdGenerator &gt; should validate IDs correctly" time="0.000120375">
        </testcase>
        <testcase classname="src/utils/__tests__/idGenerator.test.ts" name="IdGenerator &gt; should generate string IDs with correct format" time="0.00012925">
        </testcase>
        <testcase classname="src/utils/__tests__/idGenerator.test.ts" name="IdGenerator &gt; should reset counter correctly" time="0.00006225">
        </testcase>
    </testsuite>
    <testsuite name="src/utils/__tests__/todoValidator.test.ts" timestamp="2025-06-25T17:08:34.569Z" hostname="yunmudeMacBook-Pro.local" tests="15" failures="0" errors="0" skipped="0" time="0.00519225">
        <testcase classname="src/utils/__tests__/todoValidator.test.ts" name="TodoValidator &gt; validateTodo &gt; should validate a correct todo" time="0.001734792">
        </testcase>
        <testcase classname="src/utils/__tests__/todoValidator.test.ts" name="TodoValidator &gt; validateTodo &gt; should reject invalid ID" time="0.000453708">
        </testcase>
        <testcase classname="src/utils/__tests__/todoValidator.test.ts" name="TodoValidator &gt; validateTodo &gt; should reject empty title" time="0.000305625">
        </testcase>
        <testcase classname="src/utils/__tests__/todoValidator.test.ts" name="TodoValidator &gt; validateTodo &gt; should reject invalid completed status" time="0.000130458">
        </testcase>
        <testcase classname="src/utils/__tests__/todoValidator.test.ts" name="TodoValidator &gt; validateTodo &gt; should reject invalid date strings" time="0.000131083">
        </testcase>
        <testcase classname="src/utils/__tests__/todoValidator.test.ts" name="TodoValidator &gt; validateTodo &gt; should sanitize title in valid todo" time="0.000280916">
        </testcase>
        <testcase classname="src/utils/__tests__/todoValidator.test.ts" name="TodoValidator &gt; validateTodos &gt; should validate array of todos" time="0.000346">
        </testcase>
        <testcase classname="src/utils/__tests__/todoValidator.test.ts" name="TodoValidator &gt; validateTodos &gt; should handle mixed valid and invalid todos" time="0.00014925">
        </testcase>
        <testcase classname="src/utils/__tests__/todoValidator.test.ts" name="TodoValidator &gt; validateTodos &gt; should handle non-array input" time="0.000111625">
        </testcase>
        <testcase classname="src/utils/__tests__/todoValidator.test.ts" name="TodoValidator &gt; sanitizeTitle &gt; should trim and normalize spaces" time="0.000085958">
        </testcase>
        <testcase classname="src/utils/__tests__/todoValidator.test.ts" name="TodoValidator &gt; sanitizeTitle &gt; should limit title length" time="0.000050333">
        </testcase>
        <testcase classname="src/utils/__tests__/todoValidator.test.ts" name="TodoValidator &gt; isTitleSafe &gt; should allow safe title" time="0.000181625">
        </testcase>
        <testcase classname="src/utils/__tests__/todoValidator.test.ts" name="TodoValidator &gt; isTitleSafe &gt; should reject script tags" time="0.000092667">
        </testcase>
        <testcase classname="src/utils/__tests__/todoValidator.test.ts" name="TodoValidator &gt; isTitleSafe &gt; should reject javascript: URLs" time="0.000062083">
        </testcase>
        <testcase classname="src/utils/__tests__/todoValidator.test.ts" name="TodoValidator &gt; isTitleSafe &gt; should reject event handlers" time="0.000058375">
        </testcase>
    </testsuite>
    <testsuite name="src/components/todo/__tests__/ChartsDialog.test.ts" timestamp="2025-06-25T17:08:34.570Z" hostname="yunmudeMacBook-Pro.local" tests="10" failures="0" errors="0" skipped="0" time="0.041100208">
        <testcase classname="src/components/todo/__tests__/ChartsDialog.test.ts" name="ChartsDialog &gt; 应该在 show 为 true 时渲染对话框" time="0.023035542">
        </testcase>
        <testcase classname="src/components/todo/__tests__/ChartsDialog.test.ts" name="ChartsDialog &gt; 应该在 show 为 false 时不渲染对话框" time="0.000842959">
        </testcase>
        <testcase classname="src/components/todo/__tests__/ChartsDialog.test.ts" name="ChartsDialog &gt; 应该显示正确的标题" time="0.001817208">
        </testcase>
        <testcase classname="src/components/todo/__tests__/ChartsDialog.test.ts" name="ChartsDialog &gt; 应该包含关闭按钮" time="0.002893416">
        </testcase>
        <testcase classname="src/components/todo/__tests__/ChartsDialog.test.ts" name="ChartsDialog &gt; 应该包含 TodoCompletionChart 组件" time="0.001727">
        </testcase>
        <testcase classname="src/components/todo/__tests__/ChartsDialog.test.ts" name="ChartsDialog &gt; 点击关闭按钮应该触发 close 事件" time="0.002988042">
        </testcase>
        <testcase classname="src/components/todo/__tests__/ChartsDialog.test.ts" name="ChartsDialog &gt; 点击对话框背景应该触发 close 事件" time="0.001482083">
        </testcase>
        <testcase classname="src/components/todo/__tests__/ChartsDialog.test.ts" name="ChartsDialog &gt; 点击对话框内容区域不应该触发 close 事件" time="0.001279959">
        </testcase>
        <testcase classname="src/components/todo/__tests__/ChartsDialog.test.ts" name="ChartsDialog &gt; 应该具有正确的 aria-label 属性" time="0.001417834">
        </testcase>
        <testcase classname="src/components/todo/__tests__/ChartsDialog.test.ts" name="ChartsDialog &gt; 应该具有正确的CSS类和样式" time="0.002542125">
        </testcase>
    </testsuite>
    <testsuite name="src/components/todo/__tests__/TodoCompletionChart.test.ts" timestamp="2025-06-25T17:08:34.571Z" hostname="yunmudeMacBook-Pro.local" tests="6" failures="0" errors="0" skipped="0" time="0.057928375">
        <testcase classname="src/components/todo/__tests__/TodoCompletionChart.test.ts" name="TodoCompletionChart &gt; 应该正确渲染组件" time="0.035056958">
        </testcase>
        <testcase classname="src/components/todo/__tests__/TodoCompletionChart.test.ts" name="TodoCompletionChart &gt; 应该正确显示统计概览" time="0.003583209">
        </testcase>
        <testcase classname="src/components/todo/__tests__/TodoCompletionChart.test.ts" name="TodoCompletionChart &gt; 应该正确显示统计标签" time="0.002634625">
        </testcase>
        <testcase classname="src/components/todo/__tests__/TodoCompletionChart.test.ts" name="TodoCompletionChart &gt; 应该在没有任务时正确处理" time="0.005614792">
        </testcase>
        <testcase classname="src/components/todo/__tests__/TodoCompletionChart.test.ts" name="TodoCompletionChart &gt; 应该具有正确的CSS类" time="0.006595458">
        </testcase>
        <testcase classname="src/components/todo/__tests__/TodoCompletionChart.test.ts" name="TodoCompletionChart &gt; 应该在组件卸载时清理图表实例" time="0.003568542">
        </testcase>
    </testsuite>
    <testsuite name="src/components/todo/__tests__/TodoListHeader.test.ts" timestamp="2025-06-25T17:08:34.572Z" hostname="yunmudeMacBook-Pro.local" tests="6" failures="0" errors="0" skipped="0" time="0.090041625">
        <testcase classname="src/components/todo/__tests__/TodoListHeader.test.ts" name="TodoListHeader &gt; 应该正确渲染所有按钮" time="0.033680166">
        </testcase>
        <testcase classname="src/components/todo/__tests__/TodoListHeader.test.ts" name="TodoListHeader &gt; 应该在激活状态时添加 active 类" time="0.007732667">
        </testcase>
        <testcase classname="src/components/todo/__tests__/TodoListHeader.test.ts" name="TodoListHeader &gt; 应该正确触发事件" time="0.01454625">
        </testcase>
        <testcase classname="src/components/todo/__tests__/TodoListHeader.test.ts" name="TodoListHeader &gt; 应该显示正确的工具提示" time="0.012038291">
        </testcase>
        <testcase classname="src/components/todo/__tests__/TodoListHeader.test.ts" name="TodoListHeader &gt; 应该根据不同主题图标显示不同的 SVG" time="0.01582875">
        </testcase>
        <testcase classname="src/components/todo/__tests__/TodoListHeader.test.ts" name="TodoListHeader &gt; 应该为按钮设置正确的尺寸和样式" time="0.00416375">
        </testcase>
    </testsuite>
</testsuites>
